# Logfile created on 2025-12-05 14:46:16 +0200 by logger.rb/v1.7.0
I, [2025-12-05T14:46:17.495257 #21728]  INFO -- : Processed file: Added item: A Light in the ...
I, [2025-12-05T14:46:17.495367 #21728]  INFO -- : Processed file: Parsed item: A Light in the ...
I, [2025-12-05T14:46:17.495571 #21728]  INFO -- : Processed file: Added item: Tipping the Velvet
I, [2025-12-05T14:46:17.495633 #21728]  INFO -- : Processed file: Parsed item: Tipping the Velvet
I, [2025-12-05T14:46:17.495830 #21728]  INFO -- : Processed file: Added item: Soumission
I, [2025-12-05T14:46:17.495893 #21728]  INFO -- : Processed file: Parsed item: Soumission
I, [2025-12-05T14:46:17.496268 #21728]  INFO -- : Processed file: Added item: Sharp Objects
I, [2025-12-05T14:46:17.496318 #21728]  INFO -- : Processed file: Parsed item: Sharp Objects
I, [2025-12-05T14:46:17.496501 #21728]  INFO -- : Processed file: Added item: Sapiens: A Brief History ...
I, [2025-12-05T14:46:17.496551 #21728]  INFO -- : Processed file: Parsed item: Sapiens: A Brief History ...
I, [2025-12-05T14:46:17.496769 #21728]  INFO -- : Processed file: Added item: The Requiem Red
I, [2025-12-05T14:46:17.496818 #21728]  INFO -- : Processed file: Parsed item: The Requiem Red
I, [2025-12-05T14:46:17.496996 #21728]  INFO -- : Processed file: Added item: The Dirty Little Secrets ...
I, [2025-12-05T14:46:17.497045 #21728]  INFO -- : Processed file: Parsed item: The Dirty Little Secrets ...
I, [2025-12-05T14:46:17.497223 #21728]  INFO -- : Processed file: Added item: The Coming Woman: A ...
I, [2025-12-05T14:46:17.497273 #21728]  INFO -- : Processed file: Parsed item: The Coming Woman: A ...
I, [2025-12-05T14:46:17.497484 #21728]  INFO -- : Processed file: Added item: The Boys in the ...
I, [2025-12-05T14:46:17.497533 #21728]  INFO -- : Processed file: Parsed item: The Boys in the ...
I, [2025-12-05T14:46:17.497719 #21728]  INFO -- : Processed file: Added item: The Black Maria
I, [2025-12-05T14:46:17.497768 #21728]  INFO -- : Processed file: Parsed item: The Black Maria
I, [2025-12-05T14:46:17.497943 #21728]  INFO -- : Processed file: Added item: Starving Hearts (Triangular Trade ...
I, [2025-12-05T14:46:17.497992 #21728]  INFO -- : Processed file: Parsed item: Starving Hearts (Triangular Trade ...
I, [2025-12-05T14:46:17.498181 #21728]  INFO -- : Processed file: Added item: Shakespeare's Sonnets
I, [2025-12-05T14:46:17.498230 #21728]  INFO -- : Processed file: Parsed item: Shakespeare's Sonnets
I, [2025-12-05T14:46:17.498404 #21728]  INFO -- : Processed file: Added item: Set Me Free
I, [2025-12-05T14:46:17.498454 #21728]  INFO -- : Processed file: Parsed item: Set Me Free
I, [2025-12-05T14:46:17.498625 #21728]  INFO -- : Processed file: Added item: Scott Pilgrim's Precious Little ...
I, [2025-12-05T14:46:17.498675 #21728]  INFO -- : Processed file: Parsed item: Scott Pilgrim's Precious Little ...
I, [2025-12-05T14:46:17.498850 #21728]  INFO -- : Processed file: Added item: Rip it Up and ...
I, [2025-12-05T14:46:17.498899 #21728]  INFO -- : Processed file: Parsed item: Rip it Up and ...
I, [2025-12-05T14:46:17.499117 #21728]  INFO -- : Processed file: Added item: Our Band Could Be ...
I, [2025-12-05T14:46:17.499166 #21728]  INFO -- : Processed file: Parsed item: Our Band Could Be ...
I, [2025-12-05T14:46:17.499341 #21728]  INFO -- : Processed file: Added item: Olio
I, [2025-12-05T14:46:17.499390 #21728]  INFO -- : Processed file: Parsed item: Olio
I, [2025-12-05T14:46:17.499595 #21728]  INFO -- : Processed file: Added item: Mesaerion: The Best Science ...
I, [2025-12-05T14:46:17.499644 #21728]  INFO -- : Processed file: Parsed item: Mesaerion: The Best Science ...
I, [2025-12-05T14:46:17.499824 #21728]  INFO -- : Processed file: Added item: Libertarianism for Beginners
I, [2025-12-05T14:46:17.499873 #21728]  INFO -- : Processed file: Parsed item: Libertarianism for Beginners
I, [2025-12-05T14:46:17.500047 #21728]  INFO -- : Processed file: Added item: It's Only the Himalayas
I, [2025-12-05T14:46:17.500096 #21728]  INFO -- : Processed file: Parsed item: It's Only the Himalayas
I, [2025-12-05T14:47:07.708797 #25464]  INFO -- : Processed file: Added item: A Light in the ...
I, [2025-12-05T14:47:07.708963 #25464]  INFO -- : Processed file: Parsed item: A Light in the ...
I, [2025-12-05T14:47:07.709170 #25464]  INFO -- : Processed file: Added item: Tipping the Velvet
I, [2025-12-05T14:47:07.709229 #25464]  INFO -- : Processed file: Parsed item: Tipping the Velvet
I, [2025-12-05T14:47:07.709422 #25464]  INFO -- : Processed file: Added item: Soumission
I, [2025-12-05T14:47:07.709481 #25464]  INFO -- : Processed file: Parsed item: Soumission
I, [2025-12-05T14:47:07.709663 #25464]  INFO -- : Processed file: Added item: Sharp Objects
I, [2025-12-05T14:47:07.709712 #25464]  INFO -- : Processed file: Parsed item: Sharp Objects
I, [2025-12-05T14:47:07.709897 #25464]  INFO -- : Processed file: Added item: Sapiens: A Brief History ...
I, [2025-12-05T14:47:07.709947 #25464]  INFO -- : Processed file: Parsed item: Sapiens: A Brief History ...
I, [2025-12-05T14:47:07.710136 #25464]  INFO -- : Processed file: Added item: The Requiem Red
I, [2025-12-05T14:47:07.710185 #25464]  INFO -- : Processed file: Parsed item: The Requiem Red
I, [2025-12-05T14:47:07.710376 #25464]  INFO -- : Processed file: Added item: The Dirty Little Secrets ...
I, [2025-12-05T14:47:07.710426 #25464]  INFO -- : Processed file: Parsed item: The Dirty Little Secrets ...
I, [2025-12-05T14:47:07.710607 #25464]  INFO -- : Processed file: Added item: The Coming Woman: A ...
I, [2025-12-05T14:47:07.710695 #25464]  INFO -- : Processed file: Parsed item: The Coming Woman: A ...
I, [2025-12-05T14:47:07.710880 #25464]  INFO -- : Processed file: Added item: The Boys in the ...
I, [2025-12-05T14:47:07.710929 #25464]  INFO -- : Processed file: Parsed item: The Boys in the ...
I, [2025-12-05T14:47:07.711117 #25464]  INFO -- : Processed file: Added item: The Black Maria
I, [2025-12-05T14:47:07.711166 #25464]  INFO -- : Processed file: Parsed item: The Black Maria
I, [2025-12-05T14:47:07.711344 #25464]  INFO -- : Processed file: Added item: Starving Hearts (Triangular Trade ...
I, [2025-12-05T14:47:07.711393 #25464]  INFO -- : Processed file: Parsed item: Starving Hearts (Triangular Trade ...
I, [2025-12-05T14:47:07.711577 #25464]  INFO -- : Processed file: Added item: Shakespeare's Sonnets
I, [2025-12-05T14:47:07.711627 #25464]  INFO -- : Processed file: Parsed item: Shakespeare's Sonnets
I, [2025-12-05T14:47:07.711829 #25464]  INFO -- : Processed file: Added item: Set Me Free
I, [2025-12-05T14:47:07.711877 #25464]  INFO -- : Processed file: Parsed item: Set Me Free
I, [2025-12-05T14:47:07.712056 #25464]  INFO -- : Processed file: Added item: Scott Pilgrim's Precious Little ...
I, [2025-12-05T14:47:07.712105 #25464]  INFO -- : Processed file: Parsed item: Scott Pilgrim's Precious Little ...
I, [2025-12-05T14:47:07.712338 #25464]  INFO -- : Processed file: Added item: Rip it Up and ...
I, [2025-12-05T14:47:07.712387 #25464]  INFO -- : Processed file: Parsed item: Rip it Up and ...
I, [2025-12-05T14:47:07.712564 #25464]  INFO -- : Processed file: Added item: Our Band Could Be ...
I, [2025-12-05T14:47:07.712613 #25464]  INFO -- : Processed file: Parsed item: Our Band Could Be ...
I, [2025-12-05T14:47:07.712793 #25464]  INFO -- : Processed file: Added item: Olio
I, [2025-12-05T14:47:07.712843 #25464]  INFO -- : Processed file: Parsed item: Olio
I, [2025-12-05T14:47:07.713018 #25464]  INFO -- : Processed file: Added item: Mesaerion: The Best Science ...
I, [2025-12-05T14:47:07.713067 #25464]  INFO -- : Processed file: Parsed item: Mesaerion: The Best Science ...
I, [2025-12-05T14:47:07.713261 #25464]  INFO -- : Processed file: Added item: Libertarianism for Beginners
I, [2025-12-05T14:47:07.713310 #25464]  INFO -- : Processed file: Parsed item: Libertarianism for Beginners
I, [2025-12-05T14:47:07.713488 #25464]  INFO -- : Processed file: Added item: It's Only the Himalayas
I, [2025-12-05T14:47:07.713537 #25464]  INFO -- : Processed file: Parsed item: It's Only the Himalayas
I, [2025-12-05T14:53:55.432359 #26644]  INFO -- : Processed file: Added item: A Light in the ...
I, [2025-12-05T14:53:55.432561 #26644]  INFO -- : Processed file: Parsed item: A Light in the ...
I, [2025-12-05T14:53:55.432768 #26644]  INFO -- : Processed file: Added item: Tipping the Velvet
I, [2025-12-05T14:53:55.432819 #26644]  INFO -- : Processed file: Parsed item: Tipping the Velvet
I, [2025-12-05T14:53:55.433004 #26644]  INFO -- : Processed file: Added item: Soumission
I, [2025-12-05T14:53:55.433054 #26644]  INFO -- : Processed file: Parsed item: Soumission
I, [2025-12-05T14:53:55.433235 #26644]  INFO -- : Processed file: Added item: Sharp Objects
I, [2025-12-05T14:53:55.433285 #26644]  INFO -- : Processed file: Parsed item: Sharp Objects
I, [2025-12-05T14:53:55.433465 #26644]  INFO -- : Processed file: Added item: Sapiens: A Brief History ...
I, [2025-12-05T14:53:55.433515 #26644]  INFO -- : Processed file: Parsed item: Sapiens: A Brief History ...
I, [2025-12-05T14:53:55.433701 #26644]  INFO -- : Processed file: Added item: The Requiem Red
I, [2025-12-05T14:53:55.433751 #26644]  INFO -- : Processed file: Parsed item: The Requiem Red
I, [2025-12-05T14:53:55.433933 #26644]  INFO -- : Processed file: Added item: The Dirty Little Secrets ...
I, [2025-12-05T14:53:55.433983 #26644]  INFO -- : Processed file: Parsed item: The Dirty Little Secrets ...
I, [2025-12-05T14:53:55.434162 #26644]  INFO -- : Processed file: Added item: The Coming Woman: A ...
I, [2025-12-05T14:53:55.434212 #26644]  INFO -- : Processed file: Parsed item: The Coming Woman: A ...
I, [2025-12-05T14:53:55.434399 #26644]  INFO -- : Processed file: Added item: The Boys in the ...
I, [2025-12-05T14:53:55.434449 #26644]  INFO -- : Processed file: Parsed item: The Boys in the ...
I, [2025-12-05T14:53:55.434654 #26644]  INFO -- : Processed file: Added item: The Black Maria
I, [2025-12-05T14:53:55.434704 #26644]  INFO -- : Processed file: Parsed item: The Black Maria
I, [2025-12-05T14:53:55.434880 #26644]  INFO -- : Processed file: Added item: Starving Hearts (Triangular Trade ...
I, [2025-12-05T14:53:55.434930 #26644]  INFO -- : Processed file: Parsed item: Starving Hearts (Triangular Trade ...
I, [2025-12-05T14:53:55.435110 #26644]  INFO -- : Processed file: Added item: Shakespeare's Sonnets
I, [2025-12-05T14:53:55.435159 #26644]  INFO -- : Processed file: Parsed item: Shakespeare's Sonnets
I, [2025-12-05T14:53:55.435348 #26644]  INFO -- : Processed file: Added item: Set Me Free
I, [2025-12-05T14:53:55.435398 #26644]  INFO -- : Processed file: Parsed item: Set Me Free
I, [2025-12-05T14:53:55.435579 #26644]  INFO -- : Processed file: Added item: Scott Pilgrim's Precious Little ...
I, [2025-12-05T14:53:55.435629 #26644]  INFO -- : Processed file: Parsed item: Scott Pilgrim's Precious Little ...
I, [2025-12-05T14:53:55.435860 #26644]  INFO -- : Processed file: Added item: Rip it Up and ...
I, [2025-12-05T14:53:55.435910 #26644]  INFO -- : Processed file: Parsed item: Rip it Up and ...
I, [2025-12-05T14:53:55.436087 #26644]  INFO -- : Processed file: Added item: Our Band Could Be ...
I, [2025-12-05T14:53:55.436137 #26644]  INFO -- : Processed file: Parsed item: Our Band Could Be ...
I, [2025-12-05T14:53:55.436313 #26644]  INFO -- : Processed file: Added item: Olio
I, [2025-12-05T14:53:55.436363 #26644]  INFO -- : Processed file: Parsed item: Olio
I, [2025-12-05T14:53:55.436540 #26644]  INFO -- : Processed file: Added item: Mesaerion: The Best Science ...
I, [2025-12-05T14:53:55.436590 #26644]  INFO -- : Processed file: Parsed item: Mesaerion: The Best Science ...
I, [2025-12-05T14:53:55.436770 #26644]  INFO -- : Processed file: Added item: Libertarianism for Beginners
I, [2025-12-05T14:53:55.436820 #26644]  INFO -- : Processed file: Parsed item: Libertarianism for Beginners
I, [2025-12-05T14:53:55.437004 #26644]  INFO -- : Processed file: Added item: It's Only the Himalayas
I, [2025-12-05T14:53:55.437054 #26644]  INFO -- : Processed file: Parsed item: It's Only the Himalayas
I, [2025-12-05T14:53:56.439046 #26644]  INFO -- : Cart created with 0 items
I, [2025-12-05T15:26:40.376490 #6556]  INFO -- : Cart created with 0 items
I, [2025-12-05T15:26:40.377574 #6556]  INFO -- : Engine config loaded: {}
I, [2025-12-05T15:26:40.378118 #6556]  INFO -- : Engine logging initialized
I, [2025-12-05T15:26:40.378333 #6556]  INFO -- : Engine: running run_website_parser
E, [2025-12-05T15:26:40.381476 #6556] ERROR -- : Error in run_website_parser: undefined method 'log_error' for class MyDovhyiApp::LoggerManager
I, [2025-12-05T15:26:40.381529 #6556]  INFO -- : Engine: running run_save_to_csv
I, [2025-12-05T15:26:40.381587 #6556]  INFO -- : Saving items to CSV: C:/Users/Chmonya/RubymineProjects/Lab1/lib/../output/data.csv
E, [2025-12-05T15:26:40.381770 #6556] ERROR -- : Error in run_save_to_csv
I, [2025-12-05T15:26:40.381821 #6556]  INFO -- : Engine: running run_save_to_json
I, [2025-12-05T15:26:40.381875 #6556]  INFO -- : Saving items to JSON: C:/Users/Chmonya/RubymineProjects/Lab1/lib/../output/data.json
E, [2025-12-05T15:26:40.382049 #6556] ERROR -- : Error in run_save_to_json
I, [2025-12-05T15:26:40.382100 #6556]  INFO -- : Engine: running run_save_to_yaml
I, [2025-12-05T15:26:40.382154 #6556]  INFO -- : Saving items to YAML dir: C:/Users/Chmonya/RubymineProjects/Lab1/lib/../output/yaml_items
E, [2025-12-05T15:26:40.382322 #6556] ERROR -- : Error in run_save_to_yaml
I, [2025-12-05T15:27:50.907851 #23328]  INFO -- : Cart created with 0 items
I, [2025-12-05T15:27:50.908674 #23328]  INFO -- : Engine config loaded: {}
I, [2025-12-05T15:27:50.909020 #23328]  INFO -- : Engine logging initialized
I, [2025-12-05T15:27:50.909187 #23328]  INFO -- : Engine: running run_website_parser
E, [2025-12-05T15:27:50.912454 #23328] ERROR -- : Error in run_website_parser: undefined method 'log_error' for class MyDovhyiApp::LoggerManager
I, [2025-12-05T15:27:50.912522 #23328]  INFO -- : Engine: running run_save_to_csv
I, [2025-12-05T15:27:50.912583 #23328]  INFO -- : Saving items to CSV: C:/Users/Chmonya/RubymineProjects/Lab1/lib/../output/data.csv
E, [2025-12-05T15:27:50.912769 #23328] ERROR -- : Error in run_save_to_csv
I, [2025-12-05T15:27:50.912821 #23328]  INFO -- : Engine: running run_save_to_json
I, [2025-12-05T15:27:50.912876 #23328]  INFO -- : Saving items to JSON: C:/Users/Chmonya/RubymineProjects/Lab1/lib/../output/data.json
E, [2025-12-05T15:27:50.913051 #23328] ERROR -- : Error in run_save_to_json
I, [2025-12-05T15:27:50.913122 #23328]  INFO -- : Engine: running run_save_to_yaml
I, [2025-12-05T15:27:50.913177 #23328]  INFO -- : Saving items to YAML dir: C:/Users/Chmonya/RubymineProjects/Lab1/lib/../output/yaml_items
E, [2025-12-05T15:27:50.913345 #23328] ERROR -- : Error in run_save_to_yaml
I, [2025-12-05T15:27:50.913970 #23328]  INFO -- : Saving items to CSV: C:/Users/Chmonya/RubymineProjects/Lab1/lib/../output/data.csv
E, [2025-12-05T15:27:50.914225 #23328] ERROR -- : Error in run_save_to_csv
I, [2025-12-05T15:27:50.914276 #23328]  INFO -- : Saving items to JSON: C:/Users/Chmonya/RubymineProjects/Lab1/lib/../output/data.json
E, [2025-12-05T15:27:50.914427 #23328] ERROR -- : Error in run_save_to_json
I, [2025-12-05T15:27:50.914478 #23328]  INFO -- : Saving items to YAML dir: C:/Users/Chmonya/RubymineProjects/Lab1/lib/../output/yaml_items
E, [2025-12-05T15:27:50.914637 #23328] ERROR -- : Error in run_save_to_yaml
E, [2025-12-05T16:10:03.555332 #21948] ERROR -- : URL not reachable: 
E, [2025-12-05T16:10:52.958655 #24468] ERROR -- : URL not reachable: 
I, [2025-12-05T16:10:52.958790 #24468]  INFO -- : Parsed 0 items
E, [2025-12-05T16:11:58.751899 #12620] ERROR -- : URL not reachable: 
I, [2025-12-05T16:11:58.752054 #12620]  INFO -- : Parsed 0 items
I, [2025-12-05T16:11:58.752832 #12620]  INFO -- : Processed file: Saved items to CSV file: output/items.csv
I, [2025-12-05T16:11:58.753208 #12620]  INFO -- : Processed file: Saved items to JSON: output/items.json
I, [2025-12-05T16:11:58.753523 #12620]  INFO -- : Processed file: Saved items to YAML in dir: output/yaml_items
I, [2025-12-05T16:16:47.364790 #7696]  INFO -- : Starting parse at https://books.toscrape.com/
I, [2025-12-05T16:16:48.357087 #7696]  INFO -- : Downloaded image: output/media/A_Light_in_the_....jpg
I, [2025-12-05T16:16:48.357502 #7696]  INFO -- : Added item: A Light in the ...
I, [2025-12-05T16:16:48.511328 #7696]  INFO -- : Downloaded image: output/media/Tipping_the_Velvet.jpg
I, [2025-12-05T16:16:48.511623 #7696]  INFO -- : Added item: Tipping the Velvet
I, [2025-12-05T16:16:48.651548 #7696]  INFO -- : Downloaded image: output/media/Soumission.jpg
I, [2025-12-05T16:16:48.651774 #7696]  INFO -- : Added item: Soumission
I, [2025-12-05T16:16:48.806580 #7696]  INFO -- : Downloaded image: output/media/Sharp_Objects.jpg
I, [2025-12-05T16:16:48.806853 #7696]  INFO -- : Added item: Sharp Objects
I, [2025-12-05T16:16:48.960459 #7696]  INFO -- : Downloaded image: output/media/Sapiens__A_Brief_History_....jpg
I, [2025-12-05T16:16:48.960780 #7696]  INFO -- : Added item: Sapiens: A Brief History ...
I, [2025-12-05T16:16:49.115515 #7696]  INFO -- : Downloaded image: output/media/The_Requiem_Red.jpg
I, [2025-12-05T16:16:49.115850 #7696]  INFO -- : Added item: The Requiem Red
I, [2025-12-05T16:16:49.256038 #7696]  INFO -- : Downloaded image: output/media/The_Dirty_Little_Secrets_....jpg
I, [2025-12-05T16:16:49.256292 #7696]  INFO -- : Added item: The Dirty Little Secrets ...
I, [2025-12-05T16:16:49.395977 #7696]  INFO -- : Downloaded image: output/media/The_Coming_Woman__A_....jpg
I, [2025-12-05T16:16:49.396290 #7696]  INFO -- : Added item: The Coming Woman: A ...
I, [2025-12-05T16:16:49.550554 #7696]  INFO -- : Downloaded image: output/media/The_Boys_in_the_....jpg
I, [2025-12-05T16:16:49.550804 #7696]  INFO -- : Added item: The Boys in the ...
I, [2025-12-05T16:16:49.690256 #7696]  INFO -- : Downloaded image: output/media/The_Black_Maria.jpg
I, [2025-12-05T16:16:49.690533 #7696]  INFO -- : Added item: The Black Maria
I, [2025-12-05T16:16:49.829260 #7696]  INFO -- : Downloaded image: output/media/Starving_Hearts__Triangular_Trade_....jpg
I, [2025-12-05T16:16:49.829499 #7696]  INFO -- : Added item: Starving Hearts (Triangular Trade ...
I, [2025-12-05T16:16:49.983511 #7696]  INFO -- : Downloaded image: output/media/Shakespeare_s_Sonnets.jpg
I, [2025-12-05T16:16:49.983767 #7696]  INFO -- : Added item: Shakespeare's Sonnets
I, [2025-12-05T16:16:50.124000 #7696]  INFO -- : Downloaded image: output/media/Set_Me_Free.jpg
I, [2025-12-05T16:16:50.124315 #7696]  INFO -- : Added item: Set Me Free
I, [2025-12-05T16:16:50.264179 #7696]  INFO -- : Downloaded image: output/media/Scott_Pilgrim_s_Precious_Little_....jpg
I, [2025-12-05T16:16:50.264456 #7696]  INFO -- : Added item: Scott Pilgrim's Precious Little ...
I, [2025-12-05T16:16:50.404585 #7696]  INFO -- : Downloaded image: output/media/Rip_it_Up_and_....jpg
I, [2025-12-05T16:16:50.404848 #7696]  INFO -- : Added item: Rip it Up and ...
I, [2025-12-05T16:16:50.544296 #7696]  INFO -- : Downloaded image: output/media/Our_Band_Could_Be_....jpg
I, [2025-12-05T16:16:50.544522 #7696]  INFO -- : Added item: Our Band Could Be ...
I, [2025-12-05T16:16:50.684485 #7696]  INFO -- : Downloaded image: output/media/Olio.jpg
I, [2025-12-05T16:16:50.684699 #7696]  INFO -- : Added item: Olio
I, [2025-12-05T16:16:50.824218 #7696]  INFO -- : Downloaded image: output/media/Mesaerion__The_Best_Science_....jpg
I, [2025-12-05T16:16:50.824477 #7696]  INFO -- : Added item: Mesaerion: The Best Science ...
I, [2025-12-05T16:16:50.977644 #7696]  INFO -- : Downloaded image: output/media/Libertarianism_for_Beginners.jpg
I, [2025-12-05T16:16:50.977891 #7696]  INFO -- : Added item: Libertarianism for Beginners
I, [2025-12-05T16:16:51.118500 #7696]  INFO -- : Downloaded image: output/media/It_s_Only_the_Himalayas.jpg
I, [2025-12-05T16:16:51.118760 #7696]  INFO -- : Added item: It's Only the Himalayas
I, [2025-12-05T16:16:51.119038 #7696]  INFO -- : Added item: A Light in the ...
I, [2025-12-05T16:16:51.119275 #7696]  INFO -- : Added item: Tipping the Velvet
I, [2025-12-05T16:16:51.119516 #7696]  INFO -- : Added item: Soumission
I, [2025-12-05T16:16:51.119759 #7696]  INFO -- : Added item: Sharp Objects
I, [2025-12-05T16:16:51.120030 #7696]  INFO -- : Added item: Sapiens: A Brief History ...
I, [2025-12-05T16:16:51.120274 #7696]  INFO -- : Added item: The Requiem Red
I, [2025-12-05T16:16:51.120514 #7696]  INFO -- : Added item: The Dirty Little Secrets ...
I, [2025-12-05T16:16:51.120757 #7696]  INFO -- : Added item: The Coming Woman: A ...
I, [2025-12-05T16:16:51.121001 #7696]  INFO -- : Added item: The Boys in the ...
I, [2025-12-05T16:16:51.121242 #7696]  INFO -- : Added item: The Black Maria
I, [2025-12-05T16:16:51.121482 #7696]  INFO -- : Added item: Starving Hearts (Triangular Trade ...
I, [2025-12-05T16:16:51.121740 #7696]  INFO -- : Added item: Shakespeare's Sonnets
I, [2025-12-05T16:16:51.121986 #7696]  INFO -- : Added item: Set Me Free
I, [2025-12-05T16:16:51.122227 #7696]  INFO -- : Added item: Scott Pilgrim's Precious Little ...
I, [2025-12-05T16:16:51.122468 #7696]  INFO -- : Added item: Rip it Up and ...
I, [2025-12-05T16:16:51.122710 #7696]  INFO -- : Added item: Our Band Could Be ...
I, [2025-12-05T16:16:51.122950 #7696]  INFO -- : Added item: Olio
I, [2025-12-05T16:16:51.123191 #7696]  INFO -- : Added item: Mesaerion: The Best Science ...
I, [2025-12-05T16:16:51.123433 #7696]  INFO -- : Added item: Libertarianism for Beginners
I, [2025-12-05T16:16:51.123677 #7696]  INFO -- : Added item: It's Only the Himalayas
I, [2025-12-05T16:16:51.124690 #7696]  INFO -- : Saved text file: output/items.txt
I, [2025-12-05T16:16:51.125336 #7696]  INFO -- : Saved JSON file: output/items.json
I, [2025-12-05T16:16:51.126068 #7696]  INFO -- : Saved CSV file: output/items.csv
I, [2025-12-05T16:16:51.150303 #7696]  INFO -- : Saved YAML files in directory: output/yaml_items
E, [2025-12-05T16:22:35.935730 #21600] ERROR -- : URL not reachable: 
I, [2025-12-05T16:22:35.935884 #21600]  INFO -- : Total items parsed: 0
I, [2025-12-05T16:22:35.936260 #21600]  INFO -- : Saved items to text file: output/items.txt
I, [2025-12-05T16:22:35.936617 #21600]  INFO -- : Saved items to JSON file: output/items.json
I, [2025-12-05T16:22:35.937103 #21600]  INFO -- : Saved items to CSV file: output/items.csv
I, [2025-12-05T16:22:35.937279 #21600]  INFO -- : Saved items to YAML files in: output/yaml_items
E, [2025-12-05T16:26:29.470331 #15604] ERROR -- : Parser failed: absolute URL needed (not nil)
I, [2025-12-05T16:26:29.470484 #15604]  INFO -- : Parsed 0 items
I, [2025-12-05T16:26:29.471006 #15604]  INFO -- : Saved items to CSV: output/items.csv
I, [2025-12-05T16:26:29.471444 #15604]  INFO -- : Saved items to JSON: output/items.json
I, [2025-12-05T16:26:29.471593 #15604]  INFO -- : Saved items to YAML in: output/yaml_items
I, [2025-12-05T16:26:29.471951 #15604]  INFO -- : Saved items to TXT: output/items.txt
E, [2025-12-05T16:26:48.696786 #19080] ERROR -- : Parser failed: absolute URL needed (not nil)
I, [2025-12-05T16:26:48.696919 #19080]  INFO -- : Parsed 0 items
I, [2025-12-05T16:26:48.697425 #19080]  INFO -- : Saved items to CSV: output/items.csv
I, [2025-12-05T16:26:48.697858 #19080]  INFO -- : Saved items to JSON: output/items.json
I, [2025-12-05T16:26:48.698008 #19080]  INFO -- : Saved items to YAML in: output/yaml_items
I, [2025-12-05T16:26:48.698327 #19080]  INFO -- : Saved items to TXT: output/items.txt
I, [2025-12-05T18:22:41.517603 #16548]  INFO -- : Downloaded image: media/A_Light_in_the_....jpg
I, [2025-12-05T18:22:41.517745 #16548]  INFO -- : Processed file: Parsed item: A Light in the ...
I, [2025-12-05T18:22:41.673817 #16548]  INFO -- : Downloaded image: media/Tipping_the_Velvet.jpg
I, [2025-12-05T18:22:41.673893 #16548]  INFO -- : Processed file: Parsed item: Tipping the Velvet
I, [2025-12-05T18:22:41.813754 #16548]  INFO -- : Downloaded image: media/Soumission.jpg
I, [2025-12-05T18:22:41.813813 #16548]  INFO -- : Processed file: Parsed item: Soumission
I, [2025-12-05T18:22:41.952407 #16548]  INFO -- : Downloaded image: media/Sharp_Objects.jpg
I, [2025-12-05T18:22:41.952461 #16548]  INFO -- : Processed file: Parsed item: Sharp Objects
I, [2025-12-05T18:22:42.091482 #16548]  INFO -- : Downloaded image: media/Sapiens__A_Brief_History_....jpg
I, [2025-12-05T18:22:42.091590 #16548]  INFO -- : Processed file: Parsed item: Sapiens: A Brief History ...
I, [2025-12-05T18:22:42.231877 #16548]  INFO -- : Downloaded image: media/The_Requiem_Red.jpg
I, [2025-12-05T18:22:42.231942 #16548]  INFO -- : Processed file: Parsed item: The Requiem Red
I, [2025-12-05T18:22:42.372745 #16548]  INFO -- : Downloaded image: media/The_Dirty_Little_Secrets_....jpg
I, [2025-12-05T18:22:42.372804 #16548]  INFO -- : Processed file: Parsed item: The Dirty Little Secrets ...
I, [2025-12-05T18:22:42.514080 #16548]  INFO -- : Downloaded image: media/The_Coming_Woman__A_....jpg
I, [2025-12-05T18:22:42.514151 #16548]  INFO -- : Processed file: Parsed item: The Coming Woman: A ...
I, [2025-12-05T18:22:42.652738 #16548]  INFO -- : Downloaded image: media/The_Boys_in_the_....jpg
I, [2025-12-05T18:22:42.652799 #16548]  INFO -- : Processed file: Parsed item: The Boys in the ...
I, [2025-12-05T18:22:42.795502 #16548]  INFO -- : Downloaded image: media/The_Black_Maria.jpg
I, [2025-12-05T18:22:42.795560 #16548]  INFO -- : Processed file: Parsed item: The Black Maria
I, [2025-12-05T18:22:42.935562 #16548]  INFO -- : Downloaded image: media/Starving_Hearts__Triangular_Trade_....jpg
I, [2025-12-05T18:22:42.935626 #16548]  INFO -- : Processed file: Parsed item: Starving Hearts (Triangular Trade ...
I, [2025-12-05T18:22:43.075639 #16548]  INFO -- : Downloaded image: media/Shakespeare_s_Sonnets.jpg
I, [2025-12-05T18:22:43.075692 #16548]  INFO -- : Processed file: Parsed item: Shakespeare's Sonnets
I, [2025-12-05T18:22:43.214246 #16548]  INFO -- : Downloaded image: media/Set_Me_Free.jpg
I, [2025-12-05T18:22:43.214311 #16548]  INFO -- : Processed file: Parsed item: Set Me Free
I, [2025-12-05T18:22:43.352475 #16548]  INFO -- : Downloaded image: media/Scott_Pilgrim_s_Precious_Little_....jpg
I, [2025-12-05T18:22:43.352540 #16548]  INFO -- : Processed file: Parsed item: Scott Pilgrim's Precious Little ...
I, [2025-12-05T18:22:43.493452 #16548]  INFO -- : Downloaded image: media/Rip_it_Up_and_....jpg
I, [2025-12-05T18:22:43.493522 #16548]  INFO -- : Processed file: Parsed item: Rip it Up and ...
I, [2025-12-05T18:22:43.635655 #16548]  INFO -- : Downloaded image: media/Our_Band_Could_Be_....jpg
I, [2025-12-05T18:22:43.635710 #16548]  INFO -- : Processed file: Parsed item: Our Band Could Be ...
I, [2025-12-05T18:22:43.774042 #16548]  INFO -- : Downloaded image: media/Olio.jpg
I, [2025-12-05T18:22:43.774104 #16548]  INFO -- : Processed file: Parsed item: Olio
I, [2025-12-05T18:22:43.913436 #16548]  INFO -- : Downloaded image: media/Mesaerion__The_Best_Science_....jpg
I, [2025-12-05T18:22:43.913489 #16548]  INFO -- : Processed file: Parsed item: Mesaerion: The Best Science ...
I, [2025-12-05T18:22:44.053453 #16548]  INFO -- : Downloaded image: media/Libertarianism_for_Beginners.jpg
I, [2025-12-05T18:22:44.053506 #16548]  INFO -- : Processed file: Parsed item: Libertarianism for Beginners
I, [2025-12-05T18:22:44.206205 #16548]  INFO -- : Downloaded image: media/It_s_Only_the_Himalayas.jpg
I, [2025-12-05T18:22:44.206271 #16548]  INFO -- : Processed file: Parsed item: It's Only the Himalayas
I, [2025-12-05T18:22:44.206333 #16548]  INFO -- : Processed file: Added item: A Light in the ...
I, [2025-12-05T18:22:44.210045 #16548]  INFO -- : Processed file: Inserted into DB: A Light in the ...
I, [2025-12-05T18:22:44.210104 #16548]  INFO -- : Processed file: Added item: Tipping the Velvet
I, [2025-12-05T18:22:44.213362 #16548]  INFO -- : Processed file: Inserted into DB: Tipping the Velvet
I, [2025-12-05T18:22:44.213414 #16548]  INFO -- : Processed file: Added item: Soumission
I, [2025-12-05T18:22:44.216500 #16548]  INFO -- : Processed file: Inserted into DB: Soumission
I, [2025-12-05T18:22:44.216559 #16548]  INFO -- : Processed file: Added item: Sharp Objects
I, [2025-12-05T18:22:44.219702 #16548]  INFO -- : Processed file: Inserted into DB: Sharp Objects
I, [2025-12-05T18:22:44.219760 #16548]  INFO -- : Processed file: Added item: Sapiens: A Brief History ...
I, [2025-12-05T18:22:44.222884 #16548]  INFO -- : Processed file: Inserted into DB: Sapiens: A Brief History ...
I, [2025-12-05T18:22:44.222937 #16548]  INFO -- : Processed file: Added item: The Requiem Red
I, [2025-12-05T18:22:44.226030 #16548]  INFO -- : Processed file: Inserted into DB: The Requiem Red
I, [2025-12-05T18:22:44.226086 #16548]  INFO -- : Processed file: Added item: The Dirty Little Secrets ...
I, [2025-12-05T18:22:44.229207 #16548]  INFO -- : Processed file: Inserted into DB: The Dirty Little Secrets ...
I, [2025-12-05T18:22:44.229259 #16548]  INFO -- : Processed file: Added item: The Coming Woman: A ...
I, [2025-12-05T18:22:44.232289 #16548]  INFO -- : Processed file: Inserted into DB: The Coming Woman: A ...
I, [2025-12-05T18:22:44.232341 #16548]  INFO -- : Processed file: Added item: The Boys in the ...
I, [2025-12-05T18:22:44.235338 #16548]  INFO -- : Processed file: Inserted into DB: The Boys in the ...
I, [2025-12-05T18:22:44.235390 #16548]  INFO -- : Processed file: Added item: The Black Maria
I, [2025-12-05T18:22:44.238482 #16548]  INFO -- : Processed file: Inserted into DB: The Black Maria
I, [2025-12-05T18:22:44.238531 #16548]  INFO -- : Processed file: Added item: Starving Hearts (Triangular Trade ...
I, [2025-12-05T18:22:44.241588 #16548]  INFO -- : Processed file: Inserted into DB: Starving Hearts (Triangular Trade ...
I, [2025-12-05T18:22:44.241648 #16548]  INFO -- : Processed file: Added item: Shakespeare's Sonnets
I, [2025-12-05T18:22:44.244672 #16548]  INFO -- : Processed file: Inserted into DB: Shakespeare's Sonnets
I, [2025-12-05T18:22:44.244724 #16548]  INFO -- : Processed file: Added item: Set Me Free
I, [2025-12-05T18:22:44.247955 #16548]  INFO -- : Processed file: Inserted into DB: Set Me Free
I, [2025-12-05T18:22:44.248005 #16548]  INFO -- : Processed file: Added item: Scott Pilgrim's Precious Little ...
I, [2025-12-05T18:22:44.251042 #16548]  INFO -- : Processed file: Inserted into DB: Scott Pilgrim's Precious Little ...
I, [2025-12-05T18:22:44.251094 #16548]  INFO -- : Processed file: Added item: Rip it Up and ...
I, [2025-12-05T18:22:44.254170 #16548]  INFO -- : Processed file: Inserted into DB: Rip it Up and ...
I, [2025-12-05T18:22:44.254220 #16548]  INFO -- : Processed file: Added item: Our Band Could Be ...
I, [2025-12-05T18:22:44.257228 #16548]  INFO -- : Processed file: Inserted into DB: Our Band Could Be ...
I, [2025-12-05T18:22:44.257279 #16548]  INFO -- : Processed file: Added item: Olio
I, [2025-12-05T18:22:44.260298 #16548]  INFO -- : Processed file: Inserted into DB: Olio
I, [2025-12-05T18:22:44.260347 #16548]  INFO -- : Processed file: Added item: Mesaerion: The Best Science ...
I, [2025-12-05T18:22:44.263381 #16548]  INFO -- : Processed file: Inserted into DB: Mesaerion: The Best Science ...
I, [2025-12-05T18:22:44.263433 #16548]  INFO -- : Processed file: Added item: Libertarianism for Beginners
I, [2025-12-05T18:22:44.266488 #16548]  INFO -- : Processed file: Inserted into DB: Libertarianism for Beginners
I, [2025-12-05T18:22:44.266540 #16548]  INFO -- : Processed file: Added item: It's Only the Himalayas
I, [2025-12-05T18:22:44.269658 #16548]  INFO -- : Processed file: Inserted into DB: It's Only the Himalayas
I, [2025-12-05T18:22:44.270035 #16548]  INFO -- : Processed file: output/items.txt
I, [2025-12-05T18:22:44.270413 #16548]  INFO -- : Processed file: output/items.json
I, [2025-12-05T18:22:44.270920 #16548]  INFO -- : Processed file: output/items.csv
I, [2025-12-05T18:22:44.293750 #16548]  INFO -- : Processed file: output/yaml_items
