# Logfile created on 2025-12-05 13:04:31 +0200 by logger.rb/v1.7.0
I, [2025-12-05T13:04:31.605121 #14472]  INFO -- : Test message
E, [2025-12-05T13:04:31.605205 #14472] ERROR -- : Test error
I, [2025-12-05T13:59:43.837464 #7920]  INFO -- : Added item: item_1
I, [2025-12-05T13:59:43.837599 #7920]  INFO -- : Added item: item_2
I, [2025-12-05T13:59:43.837665 #7920]  INFO -- : Added item: item_3
I, [2025-12-05T13:59:43.837730 #7920]  INFO -- : Added item: item_4
I, [2025-12-05T13:59:43.837794 #7920]  INFO -- : Added item: item_5
I, [2025-12-05T13:59:43.839703 #7920]  INFO -- : Saved items to text file: items.txt
I, [2025-12-05T13:59:43.840137 #7920]  INFO -- : Saved items to JSON file: items.json
I, [2025-12-05T13:59:43.840598 #7920]  INFO -- : Saved items to CSV file: items.csv
I, [2025-12-05T13:59:43.844824 #7920]  INFO -- : Saved items to YAML files in directory: items_yml
I, [2025-12-05T14:04:42.104678 #30676]  INFO -- : Added item: item_1
I, [2025-12-05T14:04:42.104824 #30676]  INFO -- : Added item: item_2
I, [2025-12-05T14:04:42.104885 #30676]  INFO -- : Added item: item_3
I, [2025-12-05T14:04:42.104945 #30676]  INFO -- : Added item: item_4
I, [2025-12-05T14:04:42.105003 #30676]  INFO -- : Added item: item_5
I, [2025-12-05T14:04:42.108096 #30676]  INFO -- : Saved items to text file: items.txt
I, [2025-12-05T14:04:42.108439 #30676]  INFO -- : Saved items to JSON file: items.json
I, [2025-12-05T14:04:42.108837 #30676]  INFO -- : Saved items to CSV file: items.csv
I, [2025-12-05T14:04:42.112450 #30676]  INFO -- : Saved items to YAML files in directory: items_yml
I, [2025-12-05T14:10:20.284985 #19656]  INFO -- : Start parsing: https://books.toscrape.com/
I, [2025-12-05T14:10:20.720173 #19656]  INFO -- : Found 20 product links
I, [2025-12-05T14:10:21.275606 #19656]  INFO -- : Saved image: media/No_name/fe72f0532301ec28892ae79a629a293c.jpg
I, [2025-12-05T14:13:45.618322 #9144]  INFO -- : Starting parse for https://books.toscrape.com/
I, [2025-12-05T14:13:46.331264 #9144]  INFO -- : Found 20 product links
I, [2025-12-05T14:13:46.691281 #9144]  INFO -- : Added item: Unknown Product
E, [2025-12-05T14:13:46.691370 #9144] ERROR -- : Failed to save image for Unknown Product: no implicit conversion of nil into String
E, [2025-12-05T14:13:47.038034 #9144] ERROR -- : Error parsing product page catalogue/starving-hearts-triangular-trade-trilogy-1_990/index.html: 404 => Net::HTTPNotFound for https://books.toscrape.com/catalogue/a-light-in-the-attic_1000/catalogue/starving-hearts-triangular-trade-trilogy-1_990/index.html -- unhandled response
E, [2025-12-05T14:13:47.038262 #9144] ERROR -- : Error parsing product page catalogue/sharp-objects_997/index.html: 404 => Net::HTTPNotFound for https://books.toscrape.com/catalogue/a-light-in-the-attic_1000/catalogue/sharp-objects_997/index.html -- unhandled response
E, [2025-12-05T14:13:47.038442 #9144] ERROR -- : Error parsing product page catalogue/shakespeares-sonnets_989/index.html: 404 => Net::HTTPNotFound for https://books.toscrape.com/catalogue/a-light-in-the-attic_1000/catalogue/shakespeares-sonnets_989/index.html -- unhandled response
E, [2025-12-05T14:13:47.038620 #9144] ERROR -- : Error parsing product page catalogue/the-coming-woman-a-novel-based-on-the-life-of-the-infamous-feminist-victoria-woodhull_993/index.html: 404 => Net::HTTPNotFound for https://books.toscrape.com/catalogue/a-light-in-the-attic_1000/catalogue/the-coming-woman-a-novel-based-on-the-life-of-the-infamous-feminist-victoria-woodhull_993/index.html -- unhandled response
E, [2025-12-05T14:13:47.038805 #9144] ERROR -- : Error parsing product page catalogue/our-band-could-be-your-life-scenes-from-the-american-indie-underground-1981-1991_985/index.html: 404 => Net::HTTPNotFound for https://books.toscrape.com/catalogue/a-light-in-the-attic_1000/catalogue/our-band-could-be-your-life-scenes-from-the-american-indie-underground-1981-1991_985/index.html -- unhandled response
E, [2025-12-05T14:13:47.053918 #9144] ERROR -- : Error parsing product page catalogue/the-black-maria_991/index.html: 404 => Net::HTTPNotFound for https://books.toscrape.com/catalogue/a-light-in-the-attic_1000/catalogue/the-black-maria_991/index.html -- unhandled response
E, [2025-12-05T14:13:47.054212 #9144] ERROR -- : Error parsing product page catalogue/libertarianism-for-beginners_982/index.html: 404 => Net::HTTPNotFound for https://books.toscrape.com/catalogue/a-light-in-the-attic_1000/catalogue/libertarianism-for-beginners_982/index.html -- unhandled response
E, [2025-12-05T14:13:47.054426 #9144] ERROR -- : Error parsing product page catalogue/mesaerion-the-best-science-fiction-stories-1800-1849_983/index.html: 404 => Net::HTTPNotFound for https://books.toscrape.com/catalogue/a-light-in-the-attic_1000/catalogue/mesaerion-the-best-science-fiction-stories-1800-1849_983/index.html -- unhandled response
E, [2025-12-05T14:13:47.054632 #9144] ERROR -- : Error parsing product page catalogue/its-only-the-himalayas_981/index.html: 404 => Net::HTTPNotFound for https://books.toscrape.com/catalogue/a-light-in-the-attic_1000/catalogue/its-only-the-himalayas_981/index.html -- unhandled response
E, [2025-12-05T14:13:47.054945 #9144] ERROR -- : Error parsing product page catalogue/the-requiem-red_995/index.html: 404 => Net::HTTPNotFound for https://books.toscrape.com/catalogue/a-light-in-the-attic_1000/catalogue/the-requiem-red_995/index.html -- unhandled response
E, [2025-12-05T14:13:47.055147 #9144] ERROR -- : Error parsing product page catalogue/sapiens-a-brief-history-of-humankind_996/index.html: 404 => Net::HTTPNotFound for https://books.toscrape.com/catalogue/a-light-in-the-attic_1000/catalogue/sapiens-a-brief-history-of-humankind_996/index.html -- unhandled response
E, [2025-12-05T14:13:47.069940 #9144] ERROR -- : Error parsing product page catalogue/rip-it-up-and-start-again_986/index.html: 404 => Net::HTTPNotFound for https://books.toscrape.com/catalogue/a-light-in-the-attic_1000/catalogue/rip-it-up-and-start-again_986/index.html -- unhandled response
E, [2025-12-05T14:13:47.070127 #9144] ERROR -- : Error parsing product page catalogue/set-me-free_988/index.html: 404 => Net::HTTPNotFound for https://books.toscrape.com/catalogue/a-light-in-the-attic_1000/catalogue/set-me-free_988/index.html -- unhandled response
E, [2025-12-05T14:13:47.070337 #9144] ERROR -- : Error parsing product page catalogue/olio_984/index.html: 404 => Net::HTTPNotFound for https://books.toscrape.com/catalogue/a-light-in-the-attic_1000/catalogue/olio_984/index.html -- unhandled response
E, [2025-12-05T14:13:47.070522 #9144] ERROR -- : Error parsing product page catalogue/the-dirty-little-secrets-of-getting-your-dream-job_994/index.html: 404 => Net::HTTPNotFound for https://books.toscrape.com/catalogue/a-light-in-the-attic_1000/catalogue/the-dirty-little-secrets-of-getting-your-dream-job_994/index.html -- unhandled response
E, [2025-12-05T14:13:47.070696 #9144] ERROR -- : Error parsing product page catalogue/the-boys-in-the-boat-nine-americans-and-their-epic-quest-for-gold-at-the-1936-berlin-olympics_992/index.html: 404 => Net::HTTPNotFound for https://books.toscrape.com/catalogue/a-light-in-the-attic_1000/catalogue/the-boys-in-the-boat-nine-americans-and-their-epic-quest-for-gold-at-the-1936-berlin-olympics_992/index.html -- unhandled response
E, [2025-12-05T14:13:47.085910 #9144] ERROR -- : Error parsing product page catalogue/tipping-the-velvet_999/index.html: 404 => Net::HTTPNotFound for https://books.toscrape.com/catalogue/a-light-in-the-attic_1000/catalogue/tipping-the-velvet_999/index.html -- unhandled response
E, [2025-12-05T14:13:47.086208 #9144] ERROR -- : Error parsing product page catalogue/scott-pilgrims-precious-little-life-scott-pilgrim-1_987/index.html: 404 => Net::HTTPNotFound for https://books.toscrape.com/catalogue/a-light-in-the-attic_1000/catalogue/scott-pilgrims-precious-little-life-scott-pilgrim-1_987/index.html -- unhandled response
E, [2025-12-05T14:13:47.086423 #9144] ERROR -- : Error parsing product page catalogue/soumission_998/index.html: 404 => Net::HTTPNotFound for https://books.toscrape.com/catalogue/a-light-in-the-attic_1000/catalogue/soumission_998/index.html -- unhandled response
I, [2025-12-05T14:19:13.611936 #20220]  INFO -- : Starting parse for https://books.toscrape.com/
I, [2025-12-05T14:19:14.375074 #20220]  INFO -- : Found 20 product links
I, [2025-12-05T14:19:14.749532 #20220]  INFO -- : Added item: Unknown Product
E, [2025-12-05T14:19:15.073227 #20220] ERROR -- : Error parsing product page catalogue/its-only-the-himalayas_981/index.html: 404 => Net::HTTPNotFound for https://books.toscrape.com/catalogue/a-light-in-the-attic_1000/catalogue/its-only-the-himalayas_981/index.html -- unhandled response
E, [2025-12-05T14:19:15.073840 #20220] ERROR -- : Error parsing product page catalogue/sapiens-a-brief-history-of-humankind_996/index.html: 404 => Net::HTTPNotFound for https://books.toscrape.com/catalogue/a-light-in-the-attic_1000/catalogue/sapiens-a-brief-history-of-humankind_996/index.html -- unhandled response
E, [2025-12-05T14:19:15.088871 #20220] ERROR -- : Error parsing product page catalogue/the-dirty-little-secrets-of-getting-your-dream-job_994/index.html: 404 => Net::HTTPNotFound for https://books.toscrape.com/catalogue/a-light-in-the-attic_1000/catalogue/the-dirty-little-secrets-of-getting-your-dream-job_994/index.html -- unhandled response
E, [2025-12-05T14:19:15.089411 #20220] ERROR -- : Error parsing product page catalogue/tipping-the-velvet_999/index.html: 404 => Net::HTTPNotFound for https://books.toscrape.com/catalogue/a-light-in-the-attic_1000/catalogue/tipping-the-velvet_999/index.html -- unhandled response
E, [2025-12-05T14:19:15.103859 #20220] ERROR -- : Error parsing product page catalogue/the-boys-in-the-boat-nine-americans-and-their-epic-quest-for-gold-at-the-1936-berlin-olympics_992/index.html: 404 => Net::HTTPNotFound for https://books.toscrape.com/catalogue/a-light-in-the-attic_1000/catalogue/the-boys-in-the-boat-nine-americans-and-their-epic-quest-for-gold-at-the-1936-berlin-olympics_992/index.html -- unhandled response
E, [2025-12-05T14:19:15.104263 #20220] ERROR -- : Error parsing product page catalogue/the-requiem-red_995/index.html: 404 => Net::HTTPNotFound for https://books.toscrape.com/catalogue/a-light-in-the-attic_1000/catalogue/the-requiem-red_995/index.html -- unhandled response
E, [2025-12-05T14:19:15.104464 #20220] ERROR -- : Error parsing product page catalogue/mesaerion-the-best-science-fiction-stories-1800-1849_983/index.html: 404 => Net::HTTPNotFound for https://books.toscrape.com/catalogue/a-light-in-the-attic_1000/catalogue/mesaerion-the-best-science-fiction-stories-1800-1849_983/index.html -- unhandled response
E, [2025-12-05T14:19:15.105574 #20220] ERROR -- : Error parsing product page catalogue/starving-hearts-triangular-trade-trilogy-1_990/index.html: 404 => Net::HTTPNotFound for https://books.toscrape.com/catalogue/a-light-in-the-attic_1000/catalogue/starving-hearts-triangular-trade-trilogy-1_990/index.html -- unhandled response
E, [2025-12-05T14:19:15.105790 #20220] ERROR -- : Error parsing product page catalogue/the-coming-woman-a-novel-based-on-the-life-of-the-infamous-feminist-victoria-woodhull_993/index.html: 404 => Net::HTTPNotFound for https://books.toscrape.com/catalogue/a-light-in-the-attic_1000/catalogue/the-coming-woman-a-novel-based-on-the-life-of-the-infamous-feminist-victoria-woodhull_993/index.html -- unhandled response
E, [2025-12-05T14:19:15.105972 #20220] ERROR -- : Error parsing product page catalogue/sharp-objects_997/index.html: 404 => Net::HTTPNotFound for https://books.toscrape.com/catalogue/a-light-in-the-attic_1000/catalogue/sharp-objects_997/index.html -- unhandled response
E, [2025-12-05T14:19:15.106538 #20220] ERROR -- : Error parsing product page catalogue/rip-it-up-and-start-again_986/index.html: 404 => Net::HTTPNotFound for https://books.toscrape.com/catalogue/a-light-in-the-attic_1000/catalogue/rip-it-up-and-start-again_986/index.html -- unhandled response
E, [2025-12-05T14:19:15.119871 #20220] ERROR -- : Error parsing product page catalogue/the-black-maria_991/index.html: 404 => Net::HTTPNotFound for https://books.toscrape.com/catalogue/a-light-in-the-attic_1000/catalogue/the-black-maria_991/index.html -- unhandled response
E, [2025-12-05T14:19:15.120615 #20220] ERROR -- : Error parsing product page catalogue/our-band-could-be-your-life-scenes-from-the-american-indie-underground-1981-1991_985/index.html: 404 => Net::HTTPNotFound for https://books.toscrape.com/catalogue/a-light-in-the-attic_1000/catalogue/our-band-could-be-your-life-scenes-from-the-american-indie-underground-1981-1991_985/index.html -- unhandled response
E, [2025-12-05T14:19:15.121012 #20220] ERROR -- : Error parsing product page catalogue/libertarianism-for-beginners_982/index.html: 404 => Net::HTTPNotFound for https://books.toscrape.com/catalogue/a-light-in-the-attic_1000/catalogue/libertarianism-for-beginners_982/index.html -- unhandled response
E, [2025-12-05T14:19:15.121730 #20220] ERROR -- : Error parsing product page catalogue/set-me-free_988/index.html: 404 => Net::HTTPNotFound for https://books.toscrape.com/catalogue/a-light-in-the-attic_1000/catalogue/set-me-free_988/index.html -- unhandled response
E, [2025-12-05T14:19:15.122249 #20220] ERROR -- : Error parsing product page catalogue/shakespeares-sonnets_989/index.html: 404 => Net::HTTPNotFound for https://books.toscrape.com/catalogue/a-light-in-the-attic_1000/catalogue/shakespeares-sonnets_989/index.html -- unhandled response
E, [2025-12-05T14:19:15.122479 #20220] ERROR -- : Error parsing product page catalogue/olio_984/index.html: 404 => Net::HTTPNotFound for https://books.toscrape.com/catalogue/a-light-in-the-attic_1000/catalogue/olio_984/index.html -- unhandled response
E, [2025-12-05T14:19:15.123187 #20220] ERROR -- : Error parsing product page catalogue/soumission_998/index.html: 404 => Net::HTTPNotFound for https://books.toscrape.com/catalogue/a-light-in-the-attic_1000/catalogue/soumission_998/index.html -- unhandled response
E, [2025-12-05T14:19:15.123428 #20220] ERROR -- : Error parsing product page catalogue/scott-pilgrims-precious-little-life-scott-pilgrim-1_987/index.html: 404 => Net::HTTPNotFound for https://books.toscrape.com/catalogue/a-light-in-the-attic_1000/catalogue/scott-pilgrims-precious-little-life-scott-pilgrim-1_987/index.html -- unhandled response
I, [2025-12-05T14:20:45.480049 #17800]  INFO -- : Starting parse for https://books.toscrape.com/
I, [2025-12-05T14:20:46.192165 #17800]  INFO -- : Found 20 product links
I, [2025-12-05T14:20:46.558232 #17800]  INFO -- : Added item: Unknown Product
E, [2025-12-05T14:20:46.882023 #17800] ERROR -- : Error parsing product page catalogue/sharp-objects_997/index.html: 404 => Net::HTTPNotFound for https://books.toscrape.com/catalogue/a-light-in-the-attic_1000/catalogue/sharp-objects_997/index.html -- unhandled response
E, [2025-12-05T14:20:46.897233 #17800] ERROR -- : Error parsing product page catalogue/the-requiem-red_995/index.html: 404 => Net::HTTPNotFound for https://books.toscrape.com/catalogue/a-light-in-the-attic_1000/catalogue/the-requiem-red_995/index.html -- unhandled response
E, [2025-12-05T14:20:46.927859 #17800] ERROR -- : Error parsing product page catalogue/its-only-the-himalayas_981/index.html: 404 => Net::HTTPNotFound for https://books.toscrape.com/catalogue/a-light-in-the-attic_1000/catalogue/its-only-the-himalayas_981/index.html -- unhandled response
E, [2025-12-05T14:20:46.928139 #17800] ERROR -- : Error parsing product page catalogue/scott-pilgrims-precious-little-life-scott-pilgrim-1_987/index.html: 404 => Net::HTTPNotFound for https://books.toscrape.com/catalogue/a-light-in-the-attic_1000/catalogue/scott-pilgrims-precious-little-life-scott-pilgrim-1_987/index.html -- unhandled response
E, [2025-12-05T14:20:46.928411 #17800] ERROR -- : Error parsing product page catalogue/starving-hearts-triangular-trade-trilogy-1_990/index.html: 404 => Net::HTTPNotFound for https://books.toscrape.com/catalogue/a-light-in-the-attic_1000/catalogue/starving-hearts-triangular-trade-trilogy-1_990/index.html -- unhandled response
E, [2025-12-05T14:20:46.928628 #17800] ERROR -- : Error parsing product page catalogue/olio_984/index.html: 404 => Net::HTTPNotFound for https://books.toscrape.com/catalogue/a-light-in-the-attic_1000/catalogue/olio_984/index.html -- unhandled response
E, [2025-12-05T14:20:46.928807 #17800] ERROR -- : Error parsing product page catalogue/rip-it-up-and-start-again_986/index.html: 404 => Net::HTTPNotFound for https://books.toscrape.com/catalogue/a-light-in-the-attic_1000/catalogue/rip-it-up-and-start-again_986/index.html -- unhandled response
E, [2025-12-05T14:20:46.928981 #17800] ERROR -- : Error parsing product page catalogue/shakespeares-sonnets_989/index.html: 404 => Net::HTTPNotFound for https://books.toscrape.com/catalogue/a-light-in-the-attic_1000/catalogue/shakespeares-sonnets_989/index.html -- unhandled response
E, [2025-12-05T14:20:46.929153 #17800] ERROR -- : Error parsing product page catalogue/soumission_998/index.html: 404 => Net::HTTPNotFound for https://books.toscrape.com/catalogue/a-light-in-the-attic_1000/catalogue/soumission_998/index.html -- unhandled response
E, [2025-12-05T14:20:46.929362 #17800] ERROR -- : Error parsing product page catalogue/the-coming-woman-a-novel-based-on-the-life-of-the-infamous-feminist-victoria-woodhull_993/index.html: 404 => Net::HTTPNotFound for https://books.toscrape.com/catalogue/a-light-in-the-attic_1000/catalogue/the-coming-woman-a-novel-based-on-the-life-of-the-infamous-feminist-victoria-woodhull_993/index.html -- unhandled response
E, [2025-12-05T14:20:46.929652 #17800] ERROR -- : Error parsing product page catalogue/the-black-maria_991/index.html: 404 => Net::HTTPNotFound for https://books.toscrape.com/catalogue/a-light-in-the-attic_1000/catalogue/the-black-maria_991/index.html -- unhandled response
E, [2025-12-05T14:20:46.929832 #17800] ERROR -- : Error parsing product page catalogue/set-me-free_988/index.html: 404 => Net::HTTPNotFound for https://books.toscrape.com/catalogue/a-light-in-the-attic_1000/catalogue/set-me-free_988/index.html -- unhandled response
E, [2025-12-05T14:20:46.930007 #17800] ERROR -- : Error parsing product page catalogue/sapiens-a-brief-history-of-humankind_996/index.html: 404 => Net::HTTPNotFound for https://books.toscrape.com/catalogue/a-light-in-the-attic_1000/catalogue/sapiens-a-brief-history-of-humankind_996/index.html -- unhandled response
E, [2025-12-05T14:20:46.930213 #17800] ERROR -- : Error parsing product page catalogue/libertarianism-for-beginners_982/index.html: 404 => Net::HTTPNotFound for https://books.toscrape.com/catalogue/a-light-in-the-attic_1000/catalogue/libertarianism-for-beginners_982/index.html -- unhandled response
E, [2025-12-05T14:20:46.930385 #17800] ERROR -- : Error parsing product page catalogue/tipping-the-velvet_999/index.html: 404 => Net::HTTPNotFound for https://books.toscrape.com/catalogue/a-light-in-the-attic_1000/catalogue/tipping-the-velvet_999/index.html -- unhandled response
E, [2025-12-05T14:20:46.943149 #17800] ERROR -- : Error parsing product page catalogue/the-boys-in-the-boat-nine-americans-and-their-epic-quest-for-gold-at-the-1936-berlin-olympics_992/index.html: 404 => Net::HTTPNotFound for https://books.toscrape.com/catalogue/a-light-in-the-attic_1000/catalogue/the-boys-in-the-boat-nine-americans-and-their-epic-quest-for-gold-at-the-1936-berlin-olympics_992/index.html -- unhandled response
E, [2025-12-05T14:20:46.943365 #17800] ERROR -- : Error parsing product page catalogue/our-band-could-be-your-life-scenes-from-the-american-indie-underground-1981-1991_985/index.html: 404 => Net::HTTPNotFound for https://books.toscrape.com/catalogue/a-light-in-the-attic_1000/catalogue/our-band-could-be-your-life-scenes-from-the-american-indie-underground-1981-1991_985/index.html -- unhandled response
E, [2025-12-05T14:20:46.943568 #17800] ERROR -- : Error parsing product page catalogue/the-dirty-little-secrets-of-getting-your-dream-job_994/index.html: 404 => Net::HTTPNotFound for https://books.toscrape.com/catalogue/a-light-in-the-attic_1000/catalogue/the-dirty-little-secrets-of-getting-your-dream-job_994/index.html -- unhandled response
E, [2025-12-05T14:20:46.943743 #17800] ERROR -- : Error parsing product page catalogue/mesaerion-the-best-science-fiction-stories-1800-1849_983/index.html: 404 => Net::HTTPNotFound for https://books.toscrape.com/catalogue/a-light-in-the-attic_1000/catalogue/mesaerion-the-best-science-fiction-stories-1800-1849_983/index.html -- unhandled response
I, [2025-12-05T14:26:47.049783 #4316]  INFO -- : Starting parse for https://books.toscrape.com/
I, [2025-12-05T14:26:47.844126 #4316]  INFO -- : Found 20 product links
I, [2025-12-05T14:26:48.201888 #4316]  INFO -- : Added item: Unknown Product
E, [2025-12-05T14:26:48.542268 #4316] ERROR -- : Error parsing product page catalogue/our-band-could-be-your-life-scenes-from-the-american-indie-underground-1981-1991_985/index.html: 404 => Net::HTTPNotFound for https://books.toscrape.com/catalogue/a-light-in-the-attic_1000/catalogue/our-band-could-be-your-life-scenes-from-the-american-indie-underground-1981-1991_985/index.html -- unhandled response
E, [2025-12-05T14:26:48.542473 #4316] ERROR -- : Error parsing product page catalogue/scott-pilgrims-precious-little-life-scott-pilgrim-1_987/index.html: 404 => Net::HTTPNotFound for https://books.toscrape.com/catalogue/a-light-in-the-attic_1000/catalogue/scott-pilgrims-precious-little-life-scott-pilgrim-1_987/index.html -- unhandled response
E, [2025-12-05T14:26:48.542689 #4316] ERROR -- : Error parsing product page catalogue/mesaerion-the-best-science-fiction-stories-1800-1849_983/index.html: 404 => Net::HTTPNotFound for https://books.toscrape.com/catalogue/a-light-in-the-attic_1000/catalogue/mesaerion-the-best-science-fiction-stories-1800-1849_983/index.html -- unhandled response
E, [2025-12-05T14:26:48.542887 #4316] ERROR -- : Error parsing product page catalogue/sharp-objects_997/index.html: 404 => Net::HTTPNotFound for https://books.toscrape.com/catalogue/a-light-in-the-attic_1000/catalogue/sharp-objects_997/index.html -- unhandled response
E, [2025-12-05T14:26:48.543108 #4316] ERROR -- : Error parsing product page catalogue/the-black-maria_991/index.html: 404 => Net::HTTPNotFound for https://books.toscrape.com/catalogue/a-light-in-the-attic_1000/catalogue/the-black-maria_991/index.html -- unhandled response
E, [2025-12-05T14:26:48.557523 #4316] ERROR -- : Error parsing product page catalogue/libertarianism-for-beginners_982/index.html: 404 => Net::HTTPNotFound for https://books.toscrape.com/catalogue/a-light-in-the-attic_1000/catalogue/libertarianism-for-beginners_982/index.html -- unhandled response
E, [2025-12-05T14:26:48.557872 #4316] ERROR -- : Error parsing product page catalogue/starving-hearts-triangular-trade-trilogy-1_990/index.html: 404 => Net::HTTPNotFound for https://books.toscrape.com/catalogue/a-light-in-the-attic_1000/catalogue/starving-hearts-triangular-trade-trilogy-1_990/index.html -- unhandled response
E, [2025-12-05T14:26:48.558062 #4316] ERROR -- : Error parsing product page catalogue/olio_984/index.html: 404 => Net::HTTPNotFound for https://books.toscrape.com/catalogue/a-light-in-the-attic_1000/catalogue/olio_984/index.html -- unhandled response
E, [2025-12-05T14:26:48.558275 #4316] ERROR -- : Error parsing product page catalogue/rip-it-up-and-start-again_986/index.html: 404 => Net::HTTPNotFound for https://books.toscrape.com/catalogue/a-light-in-the-attic_1000/catalogue/rip-it-up-and-start-again_986/index.html -- unhandled response
E, [2025-12-05T14:26:48.573112 #4316] ERROR -- : Error parsing product page catalogue/soumission_998/index.html: 404 => Net::HTTPNotFound for https://books.toscrape.com/catalogue/a-light-in-the-attic_1000/catalogue/soumission_998/index.html -- unhandled response
E, [2025-12-05T14:26:48.573307 #4316] ERROR -- : Error parsing product page catalogue/sapiens-a-brief-history-of-humankind_996/index.html: 404 => Net::HTTPNotFound for https://books.toscrape.com/catalogue/a-light-in-the-attic_1000/catalogue/sapiens-a-brief-history-of-humankind_996/index.html -- unhandled response
E, [2025-12-05T14:26:48.573500 #4316] ERROR -- : Error parsing product page catalogue/its-only-the-himalayas_981/index.html: 404 => Net::HTTPNotFound for https://books.toscrape.com/catalogue/a-light-in-the-attic_1000/catalogue/its-only-the-himalayas_981/index.html -- unhandled response
E, [2025-12-05T14:26:48.573688 #4316] ERROR -- : Error parsing product page catalogue/the-dirty-little-secrets-of-getting-your-dream-job_994/index.html: 404 => Net::HTTPNotFound for https://books.toscrape.com/catalogue/a-light-in-the-attic_1000/catalogue/the-dirty-little-secrets-of-getting-your-dream-job_994/index.html -- unhandled response
E, [2025-12-05T14:26:48.588391 #4316] ERROR -- : Error parsing product page catalogue/the-coming-woman-a-novel-based-on-the-life-of-the-infamous-feminist-victoria-woodhull_993/index.html: 404 => Net::HTTPNotFound for https://books.toscrape.com/catalogue/a-light-in-the-attic_1000/catalogue/the-coming-woman-a-novel-based-on-the-life-of-the-infamous-feminist-victoria-woodhull_993/index.html -- unhandled response
E, [2025-12-05T14:26:48.588668 #4316] ERROR -- : Error parsing product page catalogue/the-boys-in-the-boat-nine-americans-and-their-epic-quest-for-gold-at-the-1936-berlin-olympics_992/index.html: 404 => Net::HTTPNotFound for https://books.toscrape.com/catalogue/a-light-in-the-attic_1000/catalogue/the-boys-in-the-boat-nine-americans-and-their-epic-quest-for-gold-at-the-1936-berlin-olympics_992/index.html -- unhandled response
E, [2025-12-05T14:26:48.588891 #4316] ERROR -- : Error parsing product page catalogue/tipping-the-velvet_999/index.html: 404 => Net::HTTPNotFound for https://books.toscrape.com/catalogue/a-light-in-the-attic_1000/catalogue/tipping-the-velvet_999/index.html -- unhandled response
E, [2025-12-05T14:26:48.589085 #4316] ERROR -- : Error parsing product page catalogue/shakespeares-sonnets_989/index.html: 404 => Net::HTTPNotFound for https://books.toscrape.com/catalogue/a-light-in-the-attic_1000/catalogue/shakespeares-sonnets_989/index.html -- unhandled response
E, [2025-12-05T14:26:48.589299 #4316] ERROR -- : Error parsing product page catalogue/set-me-free_988/index.html: 404 => Net::HTTPNotFound for https://books.toscrape.com/catalogue/a-light-in-the-attic_1000/catalogue/set-me-free_988/index.html -- unhandled response
E, [2025-12-05T14:26:48.589470 #4316] ERROR -- : Error parsing product page catalogue/the-requiem-red_995/index.html: 404 => Net::HTTPNotFound for https://books.toscrape.com/catalogue/a-light-in-the-attic_1000/catalogue/the-requiem-red_995/index.html -- unhandled response
I, [2025-12-05T14:29:49.836661 #11132]  INFO -- : Added item: A Light in the ...
I, [2025-12-05T14:29:49.836843 #11132]  INFO -- : Parsed item: A Light in the ...
I, [2025-12-05T14:29:49.837055 #11132]  INFO -- : Added item: Tipping the Velvet
I, [2025-12-05T14:29:49.837104 #11132]  INFO -- : Parsed item: Tipping the Velvet
I, [2025-12-05T14:29:49.837307 #11132]  INFO -- : Added item: Soumission
I, [2025-12-05T14:29:49.837356 #11132]  INFO -- : Parsed item: Soumission
I, [2025-12-05T14:29:49.837543 #11132]  INFO -- : Added item: Sharp Objects
I, [2025-12-05T14:29:49.837593 #11132]  INFO -- : Parsed item: Sharp Objects
I, [2025-12-05T14:29:49.837775 #11132]  INFO -- : Added item: Sapiens: A Brief History ...
I, [2025-12-05T14:29:49.837824 #11132]  INFO -- : Parsed item: Sapiens: A Brief History ...
I, [2025-12-05T14:29:49.838008 #11132]  INFO -- : Added item: The Requiem Red
I, [2025-12-05T14:29:49.838057 #11132]  INFO -- : Parsed item: The Requiem Red
I, [2025-12-05T14:29:49.838239 #11132]  INFO -- : Added item: The Dirty Little Secrets ...
I, [2025-12-05T14:29:49.838288 #11132]  INFO -- : Parsed item: The Dirty Little Secrets ...
I, [2025-12-05T14:29:49.838480 #11132]  INFO -- : Added item: The Coming Woman: A ...
I, [2025-12-05T14:29:49.838529 #11132]  INFO -- : Parsed item: The Coming Woman: A ...
I, [2025-12-05T14:29:49.838720 #11132]  INFO -- : Added item: The Boys in the ...
I, [2025-12-05T14:29:49.838769 #11132]  INFO -- : Parsed item: The Boys in the ...
I, [2025-12-05T14:29:49.838960 #11132]  INFO -- : Added item: The Black Maria
I, [2025-12-05T14:29:49.839008 #11132]  INFO -- : Parsed item: The Black Maria
I, [2025-12-05T14:29:49.839188 #11132]  INFO -- : Added item: Starving Hearts (Triangular Trade ...
I, [2025-12-05T14:29:49.839273 #11132]  INFO -- : Parsed item: Starving Hearts (Triangular Trade ...
I, [2025-12-05T14:29:49.839455 #11132]  INFO -- : Added item: Shakespeare's Sonnets
I, [2025-12-05T14:29:49.839504 #11132]  INFO -- : Parsed item: Shakespeare's Sonnets
I, [2025-12-05T14:29:49.839682 #11132]  INFO -- : Added item: Set Me Free
I, [2025-12-05T14:29:49.839742 #11132]  INFO -- : Parsed item: Set Me Free
I, [2025-12-05T14:29:49.840037 #11132]  INFO -- : Added item: Scott Pilgrim's Precious Little ...
I, [2025-12-05T14:29:49.840096 #11132]  INFO -- : Parsed item: Scott Pilgrim's Precious Little ...
I, [2025-12-05T14:29:49.840318 #11132]  INFO -- : Added item: Rip it Up and ...
I, [2025-12-05T14:29:49.840377 #11132]  INFO -- : Parsed item: Rip it Up and ...
I, [2025-12-05T14:29:49.840661 #11132]  INFO -- : Added item: Our Band Could Be ...
I, [2025-12-05T14:29:49.840711 #11132]  INFO -- : Parsed item: Our Band Could Be ...
I, [2025-12-05T14:29:49.840893 #11132]  INFO -- : Added item: Olio
I, [2025-12-05T14:29:49.840942 #11132]  INFO -- : Parsed item: Olio
I, [2025-12-05T14:29:49.841119 #11132]  INFO -- : Added item: Mesaerion: The Best Science ...
I, [2025-12-05T14:29:49.841166 #11132]  INFO -- : Parsed item: Mesaerion: The Best Science ...
I, [2025-12-05T14:29:49.841342 #11132]  INFO -- : Added item: Libertarianism for Beginners
I, [2025-12-05T14:29:49.841389 #11132]  INFO -- : Parsed item: Libertarianism for Beginners
I, [2025-12-05T14:29:49.841577 #11132]  INFO -- : Added item: It's Only the Himalayas
I, [2025-12-05T14:29:49.841624 #11132]  INFO -- : Parsed item: It's Only the Himalayas
I, [2025-12-05T14:36:25.532941 #27472]  INFO -- : Added item: A Light in the ...
I, [2025-12-05T14:36:25.533128 #27472]  INFO -- : Parsed item: A Light in the ...
I, [2025-12-05T14:36:25.533331 #27472]  INFO -- : Added item: Tipping the Velvet
I, [2025-12-05T14:36:25.533380 #27472]  INFO -- : Parsed item: Tipping the Velvet
I, [2025-12-05T14:36:25.533576 #27472]  INFO -- : Added item: Soumission
I, [2025-12-05T14:36:25.533625 #27472]  INFO -- : Parsed item: Soumission
I, [2025-12-05T14:36:25.533844 #27472]  INFO -- : Added item: Sharp Objects
I, [2025-12-05T14:36:25.533892 #27472]  INFO -- : Parsed item: Sharp Objects
I, [2025-12-05T14:36:25.534076 #27472]  INFO -- : Added item: Sapiens: A Brief History ...
I, [2025-12-05T14:36:25.534124 #27472]  INFO -- : Parsed item: Sapiens: A Brief History ...
I, [2025-12-05T14:36:25.534306 #27472]  INFO -- : Added item: The Requiem Red
I, [2025-12-05T14:36:25.534355 #27472]  INFO -- : Parsed item: The Requiem Red
I, [2025-12-05T14:36:25.534537 #27472]  INFO -- : Added item: The Dirty Little Secrets ...
I, [2025-12-05T14:36:25.534584 #27472]  INFO -- : Parsed item: The Dirty Little Secrets ...
I, [2025-12-05T14:36:25.534774 #27472]  INFO -- : Added item: The Coming Woman: A ...
I, [2025-12-05T14:36:25.534836 #27472]  INFO -- : Parsed item: The Coming Woman: A ...
I, [2025-12-05T14:36:25.535084 #27472]  INFO -- : Added item: The Boys in the ...
I, [2025-12-05T14:36:25.535140 #27472]  INFO -- : Parsed item: The Boys in the ...
I, [2025-12-05T14:36:25.535369 #27472]  INFO -- : Added item: The Black Maria
I, [2025-12-05T14:36:25.535420 #27472]  INFO -- : Parsed item: The Black Maria
I, [2025-12-05T14:36:25.535604 #27472]  INFO -- : Added item: Starving Hearts (Triangular Trade ...
I, [2025-12-05T14:36:25.535651 #27472]  INFO -- : Parsed item: Starving Hearts (Triangular Trade ...
I, [2025-12-05T14:36:25.535853 #27472]  INFO -- : Added item: Shakespeare's Sonnets
I, [2025-12-05T14:36:25.535901 #27472]  INFO -- : Parsed item: Shakespeare's Sonnets
I, [2025-12-05T14:36:25.536089 #27472]  INFO -- : Added item: Set Me Free
I, [2025-12-05T14:36:25.536136 #27472]  INFO -- : Parsed item: Set Me Free
I, [2025-12-05T14:36:25.536323 #27472]  INFO -- : Added item: Scott Pilgrim's Precious Little ...
I, [2025-12-05T14:36:25.536370 #27472]  INFO -- : Parsed item: Scott Pilgrim's Precious Little ...
I, [2025-12-05T14:36:25.536550 #27472]  INFO -- : Added item: Rip it Up and ...
I, [2025-12-05T14:36:25.536636 #27472]  INFO -- : Parsed item: Rip it Up and ...
I, [2025-12-05T14:36:25.536893 #27472]  INFO -- : Added item: Our Band Could Be ...
I, [2025-12-05T14:36:25.536942 #27472]  INFO -- : Parsed item: Our Band Could Be ...
I, [2025-12-05T14:36:25.537124 #27472]  INFO -- : Added item: Olio
I, [2025-12-05T14:36:25.537174 #27472]  INFO -- : Parsed item: Olio
I, [2025-12-05T14:36:25.537369 #27472]  INFO -- : Added item: Mesaerion: The Best Science ...
I, [2025-12-05T14:36:25.537417 #27472]  INFO -- : Parsed item: Mesaerion: The Best Science ...
I, [2025-12-05T14:36:25.537596 #27472]  INFO -- : Added item: Libertarianism for Beginners
I, [2025-12-05T14:36:25.537645 #27472]  INFO -- : Parsed item: Libertarianism for Beginners
I, [2025-12-05T14:36:25.537831 #27472]  INFO -- : Added item: It's Only the Himalayas
I, [2025-12-05T14:36:25.537880 #27472]  INFO -- : Parsed item: It's Only the Himalayas
I, [2025-12-05T14:37:12.434842 #17188]  INFO -- : Added item: A Light in the ...
I, [2025-12-05T14:37:12.435000 #17188]  INFO -- : Parsed item: A Light in the ...
I, [2025-12-05T14:37:12.435200 #17188]  INFO -- : Added item: Tipping the Velvet
I, [2025-12-05T14:37:12.435250 #17188]  INFO -- : Parsed item: Tipping the Velvet
I, [2025-12-05T14:37:12.435431 #17188]  INFO -- : Added item: Soumission
I, [2025-12-05T14:37:12.435480 #17188]  INFO -- : Parsed item: Soumission
I, [2025-12-05T14:37:12.435659 #17188]  INFO -- : Added item: Sharp Objects
I, [2025-12-05T14:37:12.435707 #17188]  INFO -- : Parsed item: Sharp Objects
I, [2025-12-05T14:37:12.435886 #17188]  INFO -- : Added item: Sapiens: A Brief History ...
I, [2025-12-05T14:37:12.435935 #17188]  INFO -- : Parsed item: Sapiens: A Brief History ...
I, [2025-12-05T14:37:12.436121 #17188]  INFO -- : Added item: The Requiem Red
I, [2025-12-05T14:37:12.436170 #17188]  INFO -- : Parsed item: The Requiem Red
I, [2025-12-05T14:37:12.436345 #17188]  INFO -- : Added item: The Dirty Little Secrets ...
I, [2025-12-05T14:37:12.436394 #17188]  INFO -- : Parsed item: The Dirty Little Secrets ...
I, [2025-12-05T14:37:12.436571 #17188]  INFO -- : Added item: The Coming Woman: A ...
I, [2025-12-05T14:37:12.436655 #17188]  INFO -- : Parsed item: The Coming Woman: A ...
I, [2025-12-05T14:37:12.436832 #17188]  INFO -- : Added item: The Boys in the ...
I, [2025-12-05T14:37:12.436885 #17188]  INFO -- : Parsed item: The Boys in the ...
I, [2025-12-05T14:37:12.437093 #17188]  INFO -- : Added item: The Black Maria
I, [2025-12-05T14:37:12.437142 #17188]  INFO -- : Parsed item: The Black Maria
I, [2025-12-05T14:37:12.437315 #17188]  INFO -- : Added item: Starving Hearts (Triangular Trade ...
I, [2025-12-05T14:37:12.437364 #17188]  INFO -- : Parsed item: Starving Hearts (Triangular Trade ...
I, [2025-12-05T14:37:12.437547 #17188]  INFO -- : Added item: Shakespeare's Sonnets
I, [2025-12-05T14:37:12.437595 #17188]  INFO -- : Parsed item: Shakespeare's Sonnets
I, [2025-12-05T14:37:12.437769 #17188]  INFO -- : Added item: Set Me Free
I, [2025-12-05T14:37:12.437819 #17188]  INFO -- : Parsed item: Set Me Free
I, [2025-12-05T14:37:12.437993 #17188]  INFO -- : Added item: Scott Pilgrim's Precious Little ...
I, [2025-12-05T14:37:12.438040 #17188]  INFO -- : Parsed item: Scott Pilgrim's Precious Little ...
I, [2025-12-05T14:37:12.438213 #17188]  INFO -- : Added item: Rip it Up and ...
I, [2025-12-05T14:37:12.438261 #17188]  INFO -- : Parsed item: Rip it Up and ...
I, [2025-12-05T14:37:12.438473 #17188]  INFO -- : Added item: Our Band Could Be ...
I, [2025-12-05T14:37:12.438521 #17188]  INFO -- : Parsed item: Our Band Could Be ...
I, [2025-12-05T14:37:12.438693 #17188]  INFO -- : Added item: Olio
I, [2025-12-05T14:37:12.438741 #17188]  INFO -- : Parsed item: Olio
I, [2025-12-05T14:37:12.438926 #17188]  INFO -- : Added item: Mesaerion: The Best Science ...
I, [2025-12-05T14:37:12.438975 #17188]  INFO -- : Parsed item: Mesaerion: The Best Science ...
I, [2025-12-05T14:37:12.439150 #17188]  INFO -- : Added item: Libertarianism for Beginners
I, [2025-12-05T14:37:12.439241 #17188]  INFO -- : Parsed item: Libertarianism for Beginners
I, [2025-12-05T14:37:12.439419 #17188]  INFO -- : Added item: It's Only the Himalayas
I, [2025-12-05T14:37:12.439467 #17188]  INFO -- : Parsed item: It's Only the Himalayas
I, [2025-12-05T14:37:57.717006 #29156]  INFO -- : Added item: A Light in the ...
I, [2025-12-05T14:37:57.717175 #29156]  INFO -- : Parsed item: A Light in the ...
I, [2025-12-05T14:37:57.717369 #29156]  INFO -- : Added item: Tipping the Velvet
I, [2025-12-05T14:37:57.717419 #29156]  INFO -- : Parsed item: Tipping the Velvet
I, [2025-12-05T14:37:57.717604 #29156]  INFO -- : Added item: Soumission
I, [2025-12-05T14:37:57.717653 #29156]  INFO -- : Parsed item: Soumission
I, [2025-12-05T14:37:57.717832 #29156]  INFO -- : Added item: Sharp Objects
I, [2025-12-05T14:37:57.717881 #29156]  INFO -- : Parsed item: Sharp Objects
I, [2025-12-05T14:37:57.718068 #29156]  INFO -- : Added item: Sapiens: A Brief History ...
I, [2025-12-05T14:37:57.718117 #29156]  INFO -- : Parsed item: Sapiens: A Brief History ...
I, [2025-12-05T14:37:57.718304 #29156]  INFO -- : Added item: The Requiem Red
I, [2025-12-05T14:37:57.718353 #29156]  INFO -- : Parsed item: The Requiem Red
I, [2025-12-05T14:37:57.718532 #29156]  INFO -- : Added item: The Dirty Little Secrets ...
I, [2025-12-05T14:37:57.718581 #29156]  INFO -- : Parsed item: The Dirty Little Secrets ...
I, [2025-12-05T14:37:57.718761 #29156]  INFO -- : Added item: The Coming Woman: A ...
I, [2025-12-05T14:37:57.718847 #29156]  INFO -- : Parsed item: The Coming Woman: A ...
I, [2025-12-05T14:37:57.719023 #29156]  INFO -- : Added item: The Boys in the ...
I, [2025-12-05T14:37:57.719072 #29156]  INFO -- : Parsed item: The Boys in the ...
I, [2025-12-05T14:37:57.719251 #29156]  INFO -- : Added item: The Black Maria
I, [2025-12-05T14:37:57.719300 #29156]  INFO -- : Parsed item: The Black Maria
I, [2025-12-05T14:37:57.719475 #29156]  INFO -- : Added item: Starving Hearts (Triangular Trade ...
I, [2025-12-05T14:37:57.719523 #29156]  INFO -- : Parsed item: Starving Hearts (Triangular Trade ...
I, [2025-12-05T14:37:57.719721 #29156]  INFO -- : Added item: Shakespeare's Sonnets
I, [2025-12-05T14:37:57.719770 #29156]  INFO -- : Parsed item: Shakespeare's Sonnets
I, [2025-12-05T14:37:57.719946 #29156]  INFO -- : Added item: Set Me Free
I, [2025-12-05T14:37:57.719995 #29156]  INFO -- : Parsed item: Set Me Free
I, [2025-12-05T14:37:57.720170 #29156]  INFO -- : Added item: Scott Pilgrim's Precious Little ...
I, [2025-12-05T14:37:57.720233 #29156]  INFO -- : Parsed item: Scott Pilgrim's Precious Little ...
I, [2025-12-05T14:37:57.720432 #29156]  INFO -- : Added item: Rip it Up and ...
I, [2025-12-05T14:37:57.720481 #29156]  INFO -- : Parsed item: Rip it Up and ...
I, [2025-12-05T14:37:57.720703 #29156]  INFO -- : Added item: Our Band Could Be ...
I, [2025-12-05T14:37:57.720752 #29156]  INFO -- : Parsed item: Our Band Could Be ...
I, [2025-12-05T14:37:57.720929 #29156]  INFO -- : Added item: Olio
I, [2025-12-05T14:37:57.720978 #29156]  INFO -- : Parsed item: Olio
I, [2025-12-05T14:37:57.721165 #29156]  INFO -- : Added item: Mesaerion: The Best Science ...
I, [2025-12-05T14:37:57.721214 #29156]  INFO -- : Parsed item: Mesaerion: The Best Science ...
I, [2025-12-05T14:37:57.721451 #29156]  INFO -- : Added item: Libertarianism for Beginners
I, [2025-12-05T14:37:57.721509 #29156]  INFO -- : Parsed item: Libertarianism for Beginners
I, [2025-12-05T14:37:57.721725 #29156]  INFO -- : Added item: It's Only the Himalayas
I, [2025-12-05T14:37:57.721780 #29156]  INFO -- : Parsed item: It's Only the Himalayas
I, [2025-12-05T14:37:59.043652 #29156]  INFO -- : Connected to SQLite database at data.db
I, [2025-12-05T14:37:59.043824 #29156]  INFO -- : SQLite connection closed
I, [2025-12-05T14:39:25.866564 #28872]  INFO -- : Added item: A Light in the ...
I, [2025-12-05T14:39:25.866731 #28872]  INFO -- : Parsed item: A Light in the ...
I, [2025-12-05T14:39:25.866924 #28872]  INFO -- : Added item: Tipping the Velvet
I, [2025-12-05T14:39:25.867022 #28872]  INFO -- : Parsed item: Tipping the Velvet
I, [2025-12-05T14:39:25.867206 #28872]  INFO -- : Added item: Soumission
I, [2025-12-05T14:39:25.867254 #28872]  INFO -- : Parsed item: Soumission
I, [2025-12-05T14:39:25.867432 #28872]  INFO -- : Added item: Sharp Objects
I, [2025-12-05T14:39:25.867481 #28872]  INFO -- : Parsed item: Sharp Objects
I, [2025-12-05T14:39:25.867666 #28872]  INFO -- : Added item: Sapiens: A Brief History ...
I, [2025-12-05T14:39:25.867715 #28872]  INFO -- : Parsed item: Sapiens: A Brief History ...
I, [2025-12-05T14:39:25.867894 #28872]  INFO -- : Added item: The Requiem Red
I, [2025-12-05T14:39:25.867943 #28872]  INFO -- : Parsed item: The Requiem Red
I, [2025-12-05T14:39:25.868128 #28872]  INFO -- : Added item: The Dirty Little Secrets ...
I, [2025-12-05T14:39:25.868176 #28872]  INFO -- : Parsed item: The Dirty Little Secrets ...
I, [2025-12-05T14:39:25.868353 #28872]  INFO -- : Added item: The Coming Woman: A ...
I, [2025-12-05T14:39:25.868402 #28872]  INFO -- : Parsed item: The Coming Woman: A ...
I, [2025-12-05T14:39:25.868593 #28872]  INFO -- : Added item: The Boys in the ...
I, [2025-12-05T14:39:25.868642 #28872]  INFO -- : Parsed item: The Boys in the ...
I, [2025-12-05T14:39:25.868836 #28872]  INFO -- : Added item: The Black Maria
I, [2025-12-05T14:39:25.868885 #28872]  INFO -- : Parsed item: The Black Maria
I, [2025-12-05T14:39:25.869068 #28872]  INFO -- : Added item: Starving Hearts (Triangular Trade ...
I, [2025-12-05T14:39:25.869127 #28872]  INFO -- : Parsed item: Starving Hearts (Triangular Trade ...
I, [2025-12-05T14:39:25.869398 #28872]  INFO -- : Added item: Shakespeare's Sonnets
I, [2025-12-05T14:39:25.869454 #28872]  INFO -- : Parsed item: Shakespeare's Sonnets
I, [2025-12-05T14:39:25.869689 #28872]  INFO -- : Added item: Set Me Free
I, [2025-12-05T14:39:25.869744 #28872]  INFO -- : Parsed item: Set Me Free
I, [2025-12-05T14:39:25.869959 #28872]  INFO -- : Added item: Scott Pilgrim's Precious Little ...
I, [2025-12-05T14:39:25.870013 #28872]  INFO -- : Parsed item: Scott Pilgrim's Precious Little ...
I, [2025-12-05T14:39:25.870209 #28872]  INFO -- : Added item: Rip it Up and ...
I, [2025-12-05T14:39:25.870258 #28872]  INFO -- : Parsed item: Rip it Up and ...
I, [2025-12-05T14:39:25.870474 #28872]  INFO -- : Added item: Our Band Could Be ...
I, [2025-12-05T14:39:25.870522 #28872]  INFO -- : Parsed item: Our Band Could Be ...
I, [2025-12-05T14:39:25.870701 #28872]  INFO -- : Added item: Olio
I, [2025-12-05T14:39:25.870749 #28872]  INFO -- : Parsed item: Olio
I, [2025-12-05T14:39:25.870923 #28872]  INFO -- : Added item: Mesaerion: The Best Science ...
I, [2025-12-05T14:39:25.870971 #28872]  INFO -- : Parsed item: Mesaerion: The Best Science ...
I, [2025-12-05T14:39:25.871147 #28872]  INFO -- : Added item: Libertarianism for Beginners
I, [2025-12-05T14:39:25.871198 #28872]  INFO -- : Parsed item: Libertarianism for Beginners
I, [2025-12-05T14:39:25.871370 #28872]  INFO -- : Added item: It's Only the Himalayas
I, [2025-12-05T14:39:25.871417 #28872]  INFO -- : Parsed item: It's Only the Himalayas
I, [2025-12-05T14:41:19.944208 #7960]  INFO -- : Added item: A Light in the ...
I, [2025-12-05T14:41:19.944367 #7960]  INFO -- : Parsed item: A Light in the ...
I, [2025-12-05T14:41:19.944573 #7960]  INFO -- : Added item: Tipping the Velvet
I, [2025-12-05T14:41:19.944622 #7960]  INFO -- : Parsed item: Tipping the Velvet
I, [2025-12-05T14:41:19.944809 #7960]  INFO -- : Added item: Soumission
I, [2025-12-05T14:41:19.944858 #7960]  INFO -- : Parsed item: Soumission
I, [2025-12-05T14:41:19.945041 #7960]  INFO -- : Added item: Sharp Objects
I, [2025-12-05T14:41:19.945090 #7960]  INFO -- : Parsed item: Sharp Objects
I, [2025-12-05T14:41:19.945274 #7960]  INFO -- : Added item: Sapiens: A Brief History ...
I, [2025-12-05T14:41:19.945323 #7960]  INFO -- : Parsed item: Sapiens: A Brief History ...
I, [2025-12-05T14:41:19.945536 #7960]  INFO -- : Added item: The Requiem Red
I, [2025-12-05T14:41:19.945626 #7960]  INFO -- : Parsed item: The Requiem Red
I, [2025-12-05T14:41:19.945808 #7960]  INFO -- : Added item: The Dirty Little Secrets ...
I, [2025-12-05T14:41:19.945857 #7960]  INFO -- : Parsed item: The Dirty Little Secrets ...
I, [2025-12-05T14:41:19.946040 #7960]  INFO -- : Added item: The Coming Woman: A ...
I, [2025-12-05T14:41:19.946089 #7960]  INFO -- : Parsed item: The Coming Woman: A ...
I, [2025-12-05T14:41:19.946266 #7960]  INFO -- : Added item: The Boys in the ...
I, [2025-12-05T14:41:19.946315 #7960]  INFO -- : Parsed item: The Boys in the ...
I, [2025-12-05T14:41:19.946513 #7960]  INFO -- : Added item: The Black Maria
I, [2025-12-05T14:41:19.946562 #7960]  INFO -- : Parsed item: The Black Maria
I, [2025-12-05T14:41:19.946739 #7960]  INFO -- : Added item: Starving Hearts (Triangular Trade ...
I, [2025-12-05T14:41:19.946788 #7960]  INFO -- : Parsed item: Starving Hearts (Triangular Trade ...
I, [2025-12-05T14:41:19.946988 #7960]  INFO -- : Added item: Shakespeare's Sonnets
I, [2025-12-05T14:41:19.947038 #7960]  INFO -- : Parsed item: Shakespeare's Sonnets
I, [2025-12-05T14:41:19.947219 #7960]  INFO -- : Added item: Set Me Free
I, [2025-12-05T14:41:19.947269 #7960]  INFO -- : Parsed item: Set Me Free
I, [2025-12-05T14:41:19.947518 #7960]  INFO -- : Added item: Scott Pilgrim's Precious Little ...
I, [2025-12-05T14:41:19.947567 #7960]  INFO -- : Parsed item: Scott Pilgrim's Precious Little ...
I, [2025-12-05T14:41:19.947746 #7960]  INFO -- : Added item: Rip it Up and ...
I, [2025-12-05T14:41:19.947795 #7960]  INFO -- : Parsed item: Rip it Up and ...
I, [2025-12-05T14:41:19.948012 #7960]  INFO -- : Added item: Our Band Could Be ...
I, [2025-12-05T14:41:19.948060 #7960]  INFO -- : Parsed item: Our Band Could Be ...
I, [2025-12-05T14:41:19.948238 #7960]  INFO -- : Added item: Olio
I, [2025-12-05T14:41:19.948287 #7960]  INFO -- : Parsed item: Olio
I, [2025-12-05T14:41:19.948480 #7960]  INFO -- : Added item: Mesaerion: The Best Science ...
I, [2025-12-05T14:41:19.948528 #7960]  INFO -- : Parsed item: Mesaerion: The Best Science ...
I, [2025-12-05T14:41:19.948706 #7960]  INFO -- : Added item: Libertarianism for Beginners
I, [2025-12-05T14:41:19.948755 #7960]  INFO -- : Parsed item: Libertarianism for Beginners
I, [2025-12-05T14:41:19.948934 #7960]  INFO -- : Added item: It's Only the Himalayas
I, [2025-12-05T14:41:19.948983 #7960]  INFO -- : Parsed item: It's Only the Himalayas
I, [2025-12-05T14:42:44.312580 #19056]  INFO -- : Added item: A Light in the ...
I, [2025-12-05T14:42:44.312732 #19056]  INFO -- : Parsed item: A Light in the ...
I, [2025-12-05T14:42:44.312926 #19056]  INFO -- : Added item: Tipping the Velvet
I, [2025-12-05T14:42:44.312976 #19056]  INFO -- : Parsed item: Tipping the Velvet
I, [2025-12-05T14:42:44.313157 #19056]  INFO -- : Added item: Soumission
I, [2025-12-05T14:42:44.313206 #19056]  INFO -- : Parsed item: Soumission
I, [2025-12-05T14:42:44.313385 #19056]  INFO -- : Added item: Sharp Objects
I, [2025-12-05T14:42:44.313433 #19056]  INFO -- : Parsed item: Sharp Objects
I, [2025-12-05T14:42:44.313610 #19056]  INFO -- : Added item: Sapiens: A Brief History ...
I, [2025-12-05T14:42:44.313660 #19056]  INFO -- : Parsed item: Sapiens: A Brief History ...
I, [2025-12-05T14:42:44.313852 #19056]  INFO -- : Added item: The Requiem Red
I, [2025-12-05T14:42:44.313900 #19056]  INFO -- : Parsed item: The Requiem Red
I, [2025-12-05T14:42:44.314077 #19056]  INFO -- : Added item: The Dirty Little Secrets ...
I, [2025-12-05T14:42:44.314126 #19056]  INFO -- : Parsed item: The Dirty Little Secrets ...
I, [2025-12-05T14:42:44.314310 #19056]  INFO -- : Added item: The Coming Woman: A ...
I, [2025-12-05T14:42:44.314359 #19056]  INFO -- : Parsed item: The Coming Woman: A ...
I, [2025-12-05T14:42:44.314551 #19056]  INFO -- : Added item: The Boys in the ...
I, [2025-12-05T14:42:44.314609 #19056]  INFO -- : Parsed item: The Boys in the ...
I, [2025-12-05T14:42:44.314867 #19056]  INFO -- : Added item: The Black Maria
I, [2025-12-05T14:42:44.314924 #19056]  INFO -- : Parsed item: The Black Maria
I, [2025-12-05T14:42:44.315186 #19056]  INFO -- : Added item: Starving Hearts (Triangular Trade ...
I, [2025-12-05T14:42:44.315238 #19056]  INFO -- : Parsed item: Starving Hearts (Triangular Trade ...
I, [2025-12-05T14:42:44.315445 #19056]  INFO -- : Added item: Shakespeare's Sonnets
I, [2025-12-05T14:42:44.315493 #19056]  INFO -- : Parsed item: Shakespeare's Sonnets
I, [2025-12-05T14:42:44.315691 #19056]  INFO -- : Added item: Set Me Free
I, [2025-12-05T14:42:44.315740 #19056]  INFO -- : Parsed item: Set Me Free
I, [2025-12-05T14:42:44.315926 #19056]  INFO -- : Added item: Scott Pilgrim's Precious Little ...
I, [2025-12-05T14:42:44.315975 #19056]  INFO -- : Parsed item: Scott Pilgrim's Precious Little ...
I, [2025-12-05T14:42:44.316150 #19056]  INFO -- : Added item: Rip it Up and ...
I, [2025-12-05T14:42:44.316199 #19056]  INFO -- : Parsed item: Rip it Up and ...
I, [2025-12-05T14:42:44.316420 #19056]  INFO -- : Added item: Our Band Could Be ...
I, [2025-12-05T14:42:44.316469 #19056]  INFO -- : Parsed item: Our Band Could Be ...
I, [2025-12-05T14:42:44.316644 #19056]  INFO -- : Added item: Olio
I, [2025-12-05T14:42:44.316694 #19056]  INFO -- : Parsed item: Olio
I, [2025-12-05T14:42:44.316878 #19056]  INFO -- : Added item: Mesaerion: The Best Science ...
I, [2025-12-05T14:42:44.316927 #19056]  INFO -- : Parsed item: Mesaerion: The Best Science ...
I, [2025-12-05T14:42:44.317101 #19056]  INFO -- : Added item: Libertarianism for Beginners
I, [2025-12-05T14:42:44.317150 #19056]  INFO -- : Parsed item: Libertarianism for Beginners
I, [2025-12-05T14:42:44.317325 #19056]  INFO -- : Added item: It's Only the Himalayas
I, [2025-12-05T14:42:44.317374 #19056]  INFO -- : Parsed item: It's Only the Himalayas
I, [2025-12-05T14:44:14.545697 #25496]  INFO -- : Added item: A Light in the ...
I, [2025-12-05T14:44:14.545877 #25496]  INFO -- : Parsed item: A Light in the ...
I, [2025-12-05T14:44:14.546074 #25496]  INFO -- : Added item: Tipping the Velvet
I, [2025-12-05T14:44:14.546124 #25496]  INFO -- : Parsed item: Tipping the Velvet
I, [2025-12-05T14:44:14.546307 #25496]  INFO -- : Added item: Soumission
I, [2025-12-05T14:44:14.546356 #25496]  INFO -- : Parsed item: Soumission
I, [2025-12-05T14:44:14.546545 #25496]  INFO -- : Added item: Sharp Objects
I, [2025-12-05T14:44:14.546594 #25496]  INFO -- : Parsed item: Sharp Objects
I, [2025-12-05T14:44:14.546773 #25496]  INFO -- : Added item: Sapiens: A Brief History ...
I, [2025-12-05T14:44:14.546823 #25496]  INFO -- : Parsed item: Sapiens: A Brief History ...
I, [2025-12-05T14:44:14.546999 #25496]  INFO -- : Added item: The Requiem Red
I, [2025-12-05T14:44:14.547048 #25496]  INFO -- : Parsed item: The Requiem Red
I, [2025-12-05T14:44:14.547224 #25496]  INFO -- : Added item: The Dirty Little Secrets ...
I, [2025-12-05T14:44:14.547273 #25496]  INFO -- : Parsed item: The Dirty Little Secrets ...
I, [2025-12-05T14:44:14.547450 #25496]  INFO -- : Added item: The Coming Woman: A ...
I, [2025-12-05T14:44:14.547499 #25496]  INFO -- : Parsed item: The Coming Woman: A ...
I, [2025-12-05T14:44:14.547675 #25496]  INFO -- : Added item: The Boys in the ...
I, [2025-12-05T14:44:14.547724 #25496]  INFO -- : Parsed item: The Boys in the ...
I, [2025-12-05T14:44:14.547909 #25496]  INFO -- : Added item: The Black Maria
I, [2025-12-05T14:44:14.547958 #25496]  INFO -- : Parsed item: The Black Maria
I, [2025-12-05T14:44:14.548145 #25496]  INFO -- : Added item: Starving Hearts (Triangular Trade ...
I, [2025-12-05T14:44:14.548194 #25496]  INFO -- : Parsed item: Starving Hearts (Triangular Trade ...
I, [2025-12-05T14:44:14.548368 #25496]  INFO -- : Added item: Shakespeare's Sonnets
I, [2025-12-05T14:44:14.548416 #25496]  INFO -- : Parsed item: Shakespeare's Sonnets
I, [2025-12-05T14:44:14.548591 #25496]  INFO -- : Added item: Set Me Free
I, [2025-12-05T14:44:14.548640 #25496]  INFO -- : Parsed item: Set Me Free
I, [2025-12-05T14:44:14.548814 #25496]  INFO -- : Added item: Scott Pilgrim's Precious Little ...
I, [2025-12-05T14:44:14.548904 #25496]  INFO -- : Parsed item: Scott Pilgrim's Precious Little ...
I, [2025-12-05T14:44:14.549082 #25496]  INFO -- : Added item: Rip it Up and ...
I, [2025-12-05T14:44:14.549131 #25496]  INFO -- : Parsed item: Rip it Up and ...
I, [2025-12-05T14:44:14.549368 #25496]  INFO -- : Added item: Our Band Could Be ...
I, [2025-12-05T14:44:14.549417 #25496]  INFO -- : Parsed item: Our Band Could Be ...
I, [2025-12-05T14:44:14.549590 #25496]  INFO -- : Added item: Olio
I, [2025-12-05T14:44:14.549639 #25496]  INFO -- : Parsed item: Olio
I, [2025-12-05T14:44:14.549814 #25496]  INFO -- : Added item: Mesaerion: The Best Science ...
I, [2025-12-05T14:44:14.549863 #25496]  INFO -- : Parsed item: Mesaerion: The Best Science ...
I, [2025-12-05T14:44:14.550038 #25496]  INFO -- : Added item: Libertarianism for Beginners
I, [2025-12-05T14:44:14.550087 #25496]  INFO -- : Parsed item: Libertarianism for Beginners
I, [2025-12-05T14:44:14.550263 #25496]  INFO -- : Added item: It's Only the Himalayas
I, [2025-12-05T14:44:14.550312 #25496]  INFO -- : Parsed item: It's Only the Himalayas
I, [2025-12-05T18:28:27.505309 #30528]  INFO -- : Logger initialized
I, [2025-12-05T18:31:39.754484 #25748]  INFO -- : Logger initialized
I, [2025-12-05T18:45:38.190168 #2140]  INFO -- : Logger initialized
I, [2025-12-05T18:47:13.373426 #30544]  INFO -- : Logger initialized
I, [2025-12-05T18:47:14.383017 #30544]  INFO -- : Downloaded image: media/A_Light_in_the_....jpg
I, [2025-12-05T18:47:14.383100 #30544]  INFO -- : Parsed item: A Light in the ...
I, [2025-12-05T18:47:14.539214 #30544]  INFO -- : Downloaded image: media/Tipping_the_Velvet.jpg
I, [2025-12-05T18:47:14.539287 #30544]  INFO -- : Parsed item: Tipping the Velvet
I, [2025-12-05T18:47:14.683094 #30544]  INFO -- : Downloaded image: media/Soumission.jpg
I, [2025-12-05T18:47:14.683153 #30544]  INFO -- : Parsed item: Soumission
I, [2025-12-05T18:47:14.838935 #30544]  INFO -- : Downloaded image: media/Sharp_Objects.jpg
I, [2025-12-05T18:47:14.839002 #30544]  INFO -- : Parsed item: Sharp Objects
I, [2025-12-05T18:47:14.997554 #30544]  INFO -- : Downloaded image: media/Sapiens__A_Brief_History_....jpg
I, [2025-12-05T18:47:14.997620 #30544]  INFO -- : Parsed item: Sapiens: A Brief History ...
I, [2025-12-05T18:47:15.141507 #30544]  INFO -- : Downloaded image: media/The_Requiem_Red.jpg
I, [2025-12-05T18:47:15.141565 #30544]  INFO -- : Parsed item: The Requiem Red
I, [2025-12-05T18:47:15.300132 #30544]  INFO -- : Downloaded image: media/The_Dirty_Little_Secrets_....jpg
I, [2025-12-05T18:47:15.300198 #30544]  INFO -- : Parsed item: The Dirty Little Secrets ...
I, [2025-12-05T18:47:15.457328 #30544]  INFO -- : Downloaded image: media/The_Coming_Woman__A_....jpg
I, [2025-12-05T18:47:15.457389 #30544]  INFO -- : Parsed item: The Coming Woman: A ...
I, [2025-12-05T18:47:15.614219 #30544]  INFO -- : Downloaded image: media/The_Boys_in_the_....jpg
I, [2025-12-05T18:47:15.614293 #30544]  INFO -- : Parsed item: The Boys in the ...
I, [2025-12-05T18:47:15.771229 #30544]  INFO -- : Downloaded image: media/The_Black_Maria.jpg
I, [2025-12-05T18:47:15.771293 #30544]  INFO -- : Parsed item: The Black Maria
I, [2025-12-05T18:47:15.928862 #30544]  INFO -- : Downloaded image: media/Starving_Hearts__Triangular_Trade_....jpg
I, [2025-12-05T18:47:15.928915 #30544]  INFO -- : Parsed item: Starving Hearts (Triangular Trade ...
I, [2025-12-05T18:47:16.084499 #30544]  INFO -- : Downloaded image: media/Shakespeare_s_Sonnets.jpg
I, [2025-12-05T18:47:16.084580 #30544]  INFO -- : Parsed item: Shakespeare's Sonnets
I, [2025-12-05T18:47:16.243288 #30544]  INFO -- : Downloaded image: media/Set_Me_Free.jpg
I, [2025-12-05T18:47:16.243355 #30544]  INFO -- : Parsed item: Set Me Free
I, [2025-12-05T18:47:16.400603 #30544]  INFO -- : Downloaded image: media/Scott_Pilgrim_s_Precious_Little_....jpg
I, [2025-12-05T18:47:16.400657 #30544]  INFO -- : Parsed item: Scott Pilgrim's Precious Little ...
I, [2025-12-05T18:47:16.553746 #30544]  INFO -- : Downloaded image: media/Rip_it_Up_and_....jpg
I, [2025-12-05T18:47:16.553841 #30544]  INFO -- : Parsed item: Rip it Up and ...
I, [2025-12-05T18:47:16.710805 #30544]  INFO -- : Downloaded image: media/Our_Band_Could_Be_....jpg
I, [2025-12-05T18:47:16.710866 #30544]  INFO -- : Parsed item: Our Band Could Be ...
I, [2025-12-05T18:47:16.866747 #30544]  INFO -- : Downloaded image: media/Olio.jpg
I, [2025-12-05T18:47:16.866803 #30544]  INFO -- : Parsed item: Olio
I, [2025-12-05T18:47:17.022046 #30544]  INFO -- : Downloaded image: media/Mesaerion__The_Best_Science_....jpg
I, [2025-12-05T18:47:17.022113 #30544]  INFO -- : Parsed item: Mesaerion: The Best Science ...
I, [2025-12-05T18:47:17.179813 #30544]  INFO -- : Downloaded image: media/Libertarianism_for_Beginners.jpg
I, [2025-12-05T18:47:17.179877 #30544]  INFO -- : Parsed item: Libertarianism for Beginners
I, [2025-12-05T18:47:17.322867 #30544]  INFO -- : Downloaded image: media/It_s_Only_the_Himalayas.jpg
I, [2025-12-05T18:47:17.322931 #30544]  INFO -- : Parsed item: It's Only the Himalayas
I, [2025-12-05T18:48:02.665391 #26712]  INFO -- : Logger initialized
I, [2025-12-05T18:48:03.570597 #26712]  INFO -- : Downloaded image: media/A_Light_in_the_....jpg
I, [2025-12-05T18:48:03.570674 #26712]  INFO -- : Parsed item: A Light in the ...
I, [2025-12-05T18:48:03.725179 #26712]  INFO -- : Downloaded image: media/Tipping_the_Velvet.jpg
I, [2025-12-05T18:48:03.725239 #26712]  INFO -- : Parsed item: Tipping the Velvet
I, [2025-12-05T18:48:03.880514 #26712]  INFO -- : Downloaded image: media/Soumission.jpg
I, [2025-12-05T18:48:03.880567 #26712]  INFO -- : Parsed item: Soumission
I, [2025-12-05T18:48:04.037173 #26712]  INFO -- : Downloaded image: media/Sharp_Objects.jpg
I, [2025-12-05T18:48:04.037229 #26712]  INFO -- : Parsed item: Sharp Objects
I, [2025-12-05T18:48:04.191364 #26712]  INFO -- : Downloaded image: media/Sapiens__A_Brief_History_....jpg
I, [2025-12-05T18:48:04.191425 #26712]  INFO -- : Parsed item: Sapiens: A Brief History ...
I, [2025-12-05T18:48:04.346198 #26712]  INFO -- : Downloaded image: media/The_Requiem_Red.jpg
I, [2025-12-05T18:48:04.346250 #26712]  INFO -- : Parsed item: The Requiem Red
I, [2025-12-05T18:48:04.500416 #26712]  INFO -- : Downloaded image: media/The_Dirty_Little_Secrets_....jpg
I, [2025-12-05T18:48:04.500485 #26712]  INFO -- : Parsed item: The Dirty Little Secrets ...
I, [2025-12-05T18:48:04.655154 #26712]  INFO -- : Downloaded image: media/The_Coming_Woman__A_....jpg
I, [2025-12-05T18:48:04.655212 #26712]  INFO -- : Parsed item: The Coming Woman: A ...
I, [2025-12-05T18:48:04.810130 #26712]  INFO -- : Downloaded image: media/The_Boys_in_the_....jpg
I, [2025-12-05T18:48:04.810182 #26712]  INFO -- : Parsed item: The Boys in the ...
I, [2025-12-05T18:48:04.964272 #26712]  INFO -- : Downloaded image: media/The_Black_Maria.jpg
I, [2025-12-05T18:48:04.964327 #26712]  INFO -- : Parsed item: The Black Maria
I, [2025-12-05T18:48:05.119241 #26712]  INFO -- : Downloaded image: media/Starving_Hearts__Triangular_Trade_....jpg
I, [2025-12-05T18:48:05.119302 #26712]  INFO -- : Parsed item: Starving Hearts (Triangular Trade ...
I, [2025-12-05T18:48:05.272588 #26712]  INFO -- : Downloaded image: media/Shakespeare_s_Sonnets.jpg
I, [2025-12-05T18:48:05.272646 #26712]  INFO -- : Parsed item: Shakespeare's Sonnets
I, [2025-12-05T18:48:05.426192 #26712]  INFO -- : Downloaded image: media/Set_Me_Free.jpg
I, [2025-12-05T18:48:05.426265 #26712]  INFO -- : Parsed item: Set Me Free
I, [2025-12-05T18:48:05.580301 #26712]  INFO -- : Downloaded image: media/Scott_Pilgrim_s_Precious_Little_....jpg
I, [2025-12-05T18:48:05.580362 #26712]  INFO -- : Parsed item: Scott Pilgrim's Precious Little ...
I, [2025-12-05T18:48:05.734345 #26712]  INFO -- : Downloaded image: media/Rip_it_Up_and_....jpg
I, [2025-12-05T18:48:05.734403 #26712]  INFO -- : Parsed item: Rip it Up and ...
I, [2025-12-05T18:48:05.891417 #26712]  INFO -- : Downloaded image: media/Our_Band_Could_Be_....jpg
I, [2025-12-05T18:48:05.891480 #26712]  INFO -- : Parsed item: Our Band Could Be ...
I, [2025-12-05T18:48:06.044990 #26712]  INFO -- : Downloaded image: media/Olio.jpg
I, [2025-12-05T18:48:06.045123 #26712]  INFO -- : Parsed item: Olio
I, [2025-12-05T18:48:06.199202 #26712]  INFO -- : Downloaded image: media/Mesaerion__The_Best_Science_....jpg
I, [2025-12-05T18:48:06.199294 #26712]  INFO -- : Parsed item: Mesaerion: The Best Science ...
I, [2025-12-05T18:48:06.354455 #26712]  INFO -- : Downloaded image: media/Libertarianism_for_Beginners.jpg
I, [2025-12-05T18:48:06.354527 #26712]  INFO -- : Parsed item: Libertarianism for Beginners
I, [2025-12-05T18:48:06.510108 #26712]  INFO -- : Downloaded image: media/It_s_Only_the_Himalayas.jpg
I, [2025-12-05T18:48:06.510175 #26712]  INFO -- : Parsed item: It's Only the Himalayas
I, [2025-12-05T18:48:54.765486 #15152]  INFO -- : Logger initialized
I, [2025-12-05T18:48:55.633055 #15152]  INFO -- : Downloaded image: media/A_Light_in_the_....jpg
I, [2025-12-05T18:48:55.633137 #15152]  INFO -- : Parsed item: A Light in the ...
I, [2025-12-05T18:48:55.772385 #15152]  INFO -- : Downloaded image: media/Tipping_the_Velvet.jpg
I, [2025-12-05T18:48:55.772445 #15152]  INFO -- : Parsed item: Tipping the Velvet
I, [2025-12-05T18:48:55.911874 #15152]  INFO -- : Downloaded image: media/Soumission.jpg
I, [2025-12-05T18:48:55.911927 #15152]  INFO -- : Parsed item: Soumission
I, [2025-12-05T18:48:56.051141 #15152]  INFO -- : Downloaded image: media/Sharp_Objects.jpg
I, [2025-12-05T18:48:56.051203 #15152]  INFO -- : Parsed item: Sharp Objects
I, [2025-12-05T18:48:56.192375 #15152]  INFO -- : Downloaded image: media/Sapiens__A_Brief_History_....jpg
I, [2025-12-05T18:48:56.192435 #15152]  INFO -- : Parsed item: Sapiens: A Brief History ...
I, [2025-12-05T18:48:56.332260 #15152]  INFO -- : Downloaded image: media/The_Requiem_Red.jpg
I, [2025-12-05T18:48:56.332316 #15152]  INFO -- : Parsed item: The Requiem Red
I, [2025-12-05T18:48:56.471198 #15152]  INFO -- : Downloaded image: media/The_Dirty_Little_Secrets_....jpg
I, [2025-12-05T18:48:56.471257 #15152]  INFO -- : Parsed item: The Dirty Little Secrets ...
I, [2025-12-05T18:48:56.610754 #15152]  INFO -- : Downloaded image: media/The_Coming_Woman__A_....jpg
I, [2025-12-05T18:48:56.610812 #15152]  INFO -- : Parsed item: The Coming Woman: A ...
I, [2025-12-05T18:48:56.749637 #15152]  INFO -- : Downloaded image: media/The_Boys_in_the_....jpg
I, [2025-12-05T18:48:56.749689 #15152]  INFO -- : Parsed item: The Boys in the ...
I, [2025-12-05T18:48:56.888807 #15152]  INFO -- : Downloaded image: media/The_Black_Maria.jpg
I, [2025-12-05T18:48:56.888867 #15152]  INFO -- : Parsed item: The Black Maria
I, [2025-12-05T18:48:57.028742 #15152]  INFO -- : Downloaded image: media/Starving_Hearts__Triangular_Trade_....jpg
I, [2025-12-05T18:48:57.028801 #15152]  INFO -- : Parsed item: Starving Hearts (Triangular Trade ...
I, [2025-12-05T18:48:57.167915 #15152]  INFO -- : Downloaded image: media/Shakespeare_s_Sonnets.jpg
I, [2025-12-05T18:48:57.167971 #15152]  INFO -- : Parsed item: Shakespeare's Sonnets
I, [2025-12-05T18:48:57.306513 #15152]  INFO -- : Downloaded image: media/Set_Me_Free.jpg
I, [2025-12-05T18:48:57.306597 #15152]  INFO -- : Parsed item: Set Me Free
I, [2025-12-05T18:48:57.445398 #15152]  INFO -- : Downloaded image: media/Scott_Pilgrim_s_Precious_Little_....jpg
I, [2025-12-05T18:48:57.445462 #15152]  INFO -- : Parsed item: Scott Pilgrim's Precious Little ...
I, [2025-12-05T18:48:57.584630 #15152]  INFO -- : Downloaded image: media/Rip_it_Up_and_....jpg
I, [2025-12-05T18:48:57.584688 #15152]  INFO -- : Parsed item: Rip it Up and ...
I, [2025-12-05T18:48:57.724613 #15152]  INFO -- : Downloaded image: media/Our_Band_Could_Be_....jpg
I, [2025-12-05T18:48:57.724671 #15152]  INFO -- : Parsed item: Our Band Could Be ...
I, [2025-12-05T18:48:57.862732 #15152]  INFO -- : Downloaded image: media/Olio.jpg
I, [2025-12-05T18:48:57.862785 #15152]  INFO -- : Parsed item: Olio
I, [2025-12-05T18:48:58.003449 #15152]  INFO -- : Downloaded image: media/Mesaerion__The_Best_Science_....jpg
I, [2025-12-05T18:48:58.003519 #15152]  INFO -- : Parsed item: Mesaerion: The Best Science ...
I, [2025-12-05T18:48:58.143705 #15152]  INFO -- : Downloaded image: media/Libertarianism_for_Beginners.jpg
I, [2025-12-05T18:48:58.143766 #15152]  INFO -- : Parsed item: Libertarianism for Beginners
I, [2025-12-05T18:48:58.282641 #15152]  INFO -- : Downloaded image: media/It_s_Only_the_Himalayas.jpg
I, [2025-12-05T18:48:58.282698 #15152]  INFO -- : Parsed item: It's Only the Himalayas
I, [2025-12-05T18:53:45.292042 #1052]  INFO -- : Logger initialized
I, [2025-12-05T18:53:46.234994 #1052]  INFO -- : Downloaded image: media/A_Light_in_the_....jpg
I, [2025-12-05T18:53:46.235079 #1052]  INFO -- : Parsed item: A Light in the ...
I, [2025-12-05T18:53:46.373830 #1052]  INFO -- : Downloaded image: media/Tipping_the_Velvet.jpg
I, [2025-12-05T18:53:46.373894 #1052]  INFO -- : Parsed item: Tipping the Velvet
I, [2025-12-05T18:53:46.513557 #1052]  INFO -- : Downloaded image: media/Soumission.jpg
I, [2025-12-05T18:53:46.513617 #1052]  INFO -- : Parsed item: Soumission
I, [2025-12-05T18:53:46.652757 #1052]  INFO -- : Downloaded image: media/Sharp_Objects.jpg
I, [2025-12-05T18:53:46.652819 #1052]  INFO -- : Parsed item: Sharp Objects
I, [2025-12-05T18:53:46.793103 #1052]  INFO -- : Downloaded image: media/Sapiens__A_Brief_History_....jpg
I, [2025-12-05T18:53:46.793174 #1052]  INFO -- : Parsed item: Sapiens: A Brief History ...
I, [2025-12-05T18:53:46.930929 #1052]  INFO -- : Downloaded image: media/The_Requiem_Red.jpg
I, [2025-12-05T18:53:46.930989 #1052]  INFO -- : Parsed item: The Requiem Red
I, [2025-12-05T18:53:47.070971 #1052]  INFO -- : Downloaded image: media/The_Dirty_Little_Secrets_....jpg
I, [2025-12-05T18:53:47.071040 #1052]  INFO -- : Parsed item: The Dirty Little Secrets ...
I, [2025-12-05T18:53:47.209864 #1052]  INFO -- : Downloaded image: media/The_Coming_Woman__A_....jpg
I, [2025-12-05T18:53:47.209949 #1052]  INFO -- : Parsed item: The Coming Woman: A ...
I, [2025-12-05T18:53:47.349794 #1052]  INFO -- : Downloaded image: media/The_Boys_in_the_....jpg
I, [2025-12-05T18:53:47.349851 #1052]  INFO -- : Parsed item: The Boys in the ...
I, [2025-12-05T18:53:47.490706 #1052]  INFO -- : Downloaded image: media/The_Black_Maria.jpg
I, [2025-12-05T18:53:47.490772 #1052]  INFO -- : Parsed item: The Black Maria
I, [2025-12-05T18:53:47.631247 #1052]  INFO -- : Downloaded image: media/Starving_Hearts__Triangular_Trade_....jpg
I, [2025-12-05T18:53:47.631319 #1052]  INFO -- : Parsed item: Starving Hearts (Triangular Trade ...
I, [2025-12-05T18:53:47.771909 #1052]  INFO -- : Downloaded image: media/Shakespeare_s_Sonnets.jpg
I, [2025-12-05T18:53:47.771981 #1052]  INFO -- : Parsed item: Shakespeare's Sonnets
I, [2025-12-05T18:53:47.911476 #1052]  INFO -- : Downloaded image: media/Set_Me_Free.jpg
I, [2025-12-05T18:53:47.911559 #1052]  INFO -- : Parsed item: Set Me Free
I, [2025-12-05T18:53:48.051153 #1052]  INFO -- : Downloaded image: media/Scott_Pilgrim_s_Precious_Little_....jpg
I, [2025-12-05T18:53:48.051243 #1052]  INFO -- : Parsed item: Scott Pilgrim's Precious Little ...
I, [2025-12-05T18:53:48.194131 #1052]  INFO -- : Downloaded image: media/Rip_it_Up_and_....jpg
I, [2025-12-05T18:53:48.194217 #1052]  INFO -- : Parsed item: Rip it Up and ...
I, [2025-12-05T18:53:48.334989 #1052]  INFO -- : Downloaded image: media/Our_Band_Could_Be_....jpg
I, [2025-12-05T18:53:48.335078 #1052]  INFO -- : Parsed item: Our Band Could Be ...
I, [2025-12-05T18:53:48.476990 #1052]  INFO -- : Downloaded image: media/Olio.jpg
I, [2025-12-05T18:53:48.477066 #1052]  INFO -- : Parsed item: Olio
I, [2025-12-05T18:53:48.619097 #1052]  INFO -- : Downloaded image: media/Mesaerion__The_Best_Science_....jpg
I, [2025-12-05T18:53:48.619180 #1052]  INFO -- : Parsed item: Mesaerion: The Best Science ...
I, [2025-12-05T18:53:48.762812 #1052]  INFO -- : Downloaded image: media/Libertarianism_for_Beginners.jpg
I, [2025-12-05T18:53:48.762882 #1052]  INFO -- : Parsed item: Libertarianism for Beginners
I, [2025-12-05T18:53:48.906702 #1052]  INFO -- : Downloaded image: media/It_s_Only_the_Himalayas.jpg
I, [2025-12-05T18:53:48.906805 #1052]  INFO -- : Parsed item: It's Only the Himalayas
I, [2025-12-05T18:54:47.877719 #13484]  INFO -- : Logger initialized
I, [2025-12-05T18:54:48.746860 #13484]  INFO -- : Downloaded image: media/A_Light_in_the_....jpg
I, [2025-12-05T18:54:48.746946 #13484]  INFO -- : Parsed item: A Light in the ...
I, [2025-12-05T18:54:48.901177 #13484]  INFO -- : Downloaded image: media/Tipping_the_Velvet.jpg
I, [2025-12-05T18:54:48.901241 #13484]  INFO -- : Parsed item: Tipping the Velvet
I, [2025-12-05T18:54:49.042347 #13484]  INFO -- : Downloaded image: media/Soumission.jpg
I, [2025-12-05T18:54:49.042433 #13484]  INFO -- : Parsed item: Soumission
I, [2025-12-05T18:54:49.182064 #13484]  INFO -- : Downloaded image: media/Sharp_Objects.jpg
I, [2025-12-05T18:54:49.182124 #13484]  INFO -- : Parsed item: Sharp Objects
I, [2025-12-05T18:54:49.338025 #13484]  INFO -- : Downloaded image: media/Sapiens__A_Brief_History_....jpg
I, [2025-12-05T18:54:49.338102 #13484]  INFO -- : Parsed item: Sapiens: A Brief History ...
I, [2025-12-05T18:54:49.494153 #13484]  INFO -- : Downloaded image: media/The_Requiem_Red.jpg
I, [2025-12-05T18:54:49.494243 #13484]  INFO -- : Parsed item: The Requiem Red
I, [2025-12-05T18:54:49.647024 #13484]  INFO -- : Downloaded image: media/The_Dirty_Little_Secrets_....jpg
I, [2025-12-05T18:54:49.647085 #13484]  INFO -- : Parsed item: The Dirty Little Secrets ...
I, [2025-12-05T18:54:49.800762 #13484]  INFO -- : Downloaded image: media/The_Coming_Woman__A_....jpg
I, [2025-12-05T18:54:49.800821 #13484]  INFO -- : Parsed item: The Coming Woman: A ...
I, [2025-12-05T18:54:49.941019 #13484]  INFO -- : Downloaded image: media/The_Boys_in_the_....jpg
I, [2025-12-05T18:54:49.941091 #13484]  INFO -- : Parsed item: The Boys in the ...
I, [2025-12-05T18:54:50.081190 #13484]  INFO -- : Downloaded image: media/The_Black_Maria.jpg
I, [2025-12-05T18:54:50.081250 #13484]  INFO -- : Parsed item: The Black Maria
I, [2025-12-05T18:54:50.236047 #13484]  INFO -- : Downloaded image: media/Starving_Hearts__Triangular_Trade_....jpg
I, [2025-12-05T18:54:50.236131 #13484]  INFO -- : Parsed item: Starving Hearts (Triangular Trade ...
I, [2025-12-05T18:54:50.389921 #13484]  INFO -- : Downloaded image: media/Shakespeare_s_Sonnets.jpg
I, [2025-12-05T18:54:50.389994 #13484]  INFO -- : Parsed item: Shakespeare's Sonnets
I, [2025-12-05T18:54:50.544702 #13484]  INFO -- : Downloaded image: media/Set_Me_Free.jpg
I, [2025-12-05T18:54:50.544776 #13484]  INFO -- : Parsed item: Set Me Free
I, [2025-12-05T18:54:50.686199 #13484]  INFO -- : Downloaded image: media/Scott_Pilgrim_s_Precious_Little_....jpg
I, [2025-12-05T18:54:50.686276 #13484]  INFO -- : Parsed item: Scott Pilgrim's Precious Little ...
I, [2025-12-05T18:54:50.841927 #13484]  INFO -- : Downloaded image: media/Rip_it_Up_and_....jpg
I, [2025-12-05T18:54:50.841996 #13484]  INFO -- : Parsed item: Rip it Up and ...
I, [2025-12-05T18:54:50.997876 #13484]  INFO -- : Downloaded image: media/Our_Band_Could_Be_....jpg
I, [2025-12-05T18:54:50.997951 #13484]  INFO -- : Parsed item: Our Band Could Be ...
I, [2025-12-05T18:54:51.151754 #13484]  INFO -- : Downloaded image: media/Olio.jpg
I, [2025-12-05T18:54:51.151816 #13484]  INFO -- : Parsed item: Olio
I, [2025-12-05T18:54:51.306493 #13484]  INFO -- : Downloaded image: media/Mesaerion__The_Best_Science_....jpg
I, [2025-12-05T18:54:51.306548 #13484]  INFO -- : Parsed item: Mesaerion: The Best Science ...
I, [2025-12-05T18:54:51.461846 #13484]  INFO -- : Downloaded image: media/Libertarianism_for_Beginners.jpg
I, [2025-12-05T18:54:51.461913 #13484]  INFO -- : Parsed item: Libertarianism for Beginners
I, [2025-12-05T18:54:51.602685 #13484]  INFO -- : Downloaded image: media/It_s_Only_the_Himalayas.jpg
I, [2025-12-05T18:54:51.602744 #13484]  INFO -- : Parsed item: It's Only the Himalayas
